2020-01-29 10:44:28,677 [Worker-3: Loading available Gradle versions] INFO  o.e.b.c.i.u.g.PublishedGradleVersions - Gradle version information cache is up-to-date. Trying to read.
2020-01-29 10:45:27,905 [Worker-2: Loading available Gradle versions] INFO  o.e.b.c.i.u.g.PublishedGradleVersions - Gradle version information cache is up-to-date. Trying to read.
2020-01-29 10:46:22,683 [Worker-3: Loading available Gradle versions] INFO  o.e.b.c.i.u.g.PublishedGradleVersions - Gradle version information cache is up-to-date. Trying to read.
2020-01-29 10:48:34,678 [Worker-4: Updating Maven Dependencies] INFO  o.e.m.c.i.l.LifecycleMappingFactory - Using org.eclipse.m2e.jdt.JarLifecycleMapping lifecycle mapping for MavenProject: com.example:javasoapclient:0.0.1-SNAPSHOT @ C:\Users\chiquillo5678\Documents\Workspace1\javasoapclient\pom.xml.
2020-01-29 10:48:34,948 [Worker-0: Building workspace] INFO  o.e.m.c.i.l.LifecycleMappingFactory - Using org.eclipse.m2e.jdt.JarLifecycleMapping lifecycle mapping for MavenProject: com.example:javasoapclient:0.0.1-SNAPSHOT @ C:\Users\chiquillo5678\Documents\Workspace1\javasoapclient\pom.xml.
2020-01-29 10:48:39,680 [Worker-0: Building workspace] WARN  o.e.m.c.i.embedder.EclipseLogger - The POM for com.sun.xml.bind:jaxb-xjc:jar:2.2.11 is invalid, transitive dependencies (if any) will not be available, enable debug logging for more details
2020-01-29 10:48:39,708 [Worker-0: Building workspace] WARN  o.e.m.c.i.embedder.EclipseLogger - The POM for com.sun.xml.bind:jaxb-core:jar:2.2.11 is invalid, transitive dependencies (if any) will not be available, enable debug logging for more details
2020-01-29 10:48:39,730 [Worker-0: Building workspace] WARN  o.e.m.c.i.embedder.EclipseLogger - The POM for com.sun.xml.bind:jaxb-impl:jar:2.2.11 is invalid, transitive dependencies (if any) will not be available, enable debug logging for more details
2020-01-29 10:48:45,672 [Worker-0: Building workspace] INFO  o.e.m.c.i.embedder.EclipseLogger - Using 'UTF-8' encoding to copy filtered resources.
2020-01-29 10:48:45,674 [Worker-0: Building workspace] INFO  o.e.m.c.i.embedder.EclipseLogger - Copying 1 resource
2020-01-29 10:48:45,689 [Worker-0: Building workspace] INFO  o.e.m.c.i.embedder.EclipseLogger - Copying 1 resource
2020-01-29 10:48:45,700 [Worker-0: Building workspace] INFO  o.e.m.c.i.embedder.EclipseLogger - Using 'UTF-8' encoding to copy filtered resources.
2020-01-29 10:48:45,701 [Worker-0: Building workspace] INFO  o.e.m.c.i.embedder.EclipseLogger - skip non existing resourceDirectory C:\Users\chiquillo5678\Documents\Workspace1\javasoapclient\src\test\resources
2020-01-29 10:48:47,875 [Worker-1: Updating Maven Dependencies] INFO  o.e.m.c.i.l.LifecycleMappingFactory - Using org.eclipse.m2e.jdt.JarLifecycleMapping lifecycle mapping for MavenProject: com.carloschiquillo.ws.soap:wsdlfirstws:0.0.1-SNAPSHOT @ C:\Users\chiquillo5678\Documents\Workspace1\wsdlfirstws\pom.xml.
2020-01-29 10:48:48,235 [Worker-4: Building workspace] WARN  o.e.m.c.i.embedder.EclipseLogger - The POM for com.sun.xml.bind:jaxb-xjc:jar:2.2.11 is invalid, transitive dependencies (if any) will not be available, enable debug logging for more details
2020-01-29 10:48:48,260 [Worker-4: Building workspace] WARN  o.e.m.c.i.embedder.EclipseLogger - The POM for com.sun.xml.bind:jaxb-core:jar:2.2.11 is invalid, transitive dependencies (if any) will not be available, enable debug logging for more details
2020-01-29 10:48:48,277 [Worker-4: Building workspace] WARN  o.e.m.c.i.embedder.EclipseLogger - The POM for com.sun.xml.bind:jaxb-impl:jar:2.2.11 is invalid, transitive dependencies (if any) will not be available, enable debug logging for more details
2020-01-29 10:48:48,720 [Worker-1: Updating Maven Dependencies] INFO  o.e.m.c.i.l.LifecycleMappingFactory - Using org.eclipse.m2e.jdt.JarLifecycleMapping lifecycle mapping for MavenProject: com.example:javasoapclient:0.0.1-SNAPSHOT @ C:\Users\chiquillo5678\Documents\Workspace1\javasoapclient\pom.xml.
2020-01-29 10:48:52,592 [Worker-4: Building workspace] INFO  o.e.m.c.i.embedder.EclipseLogger - Using 'UTF-8' encoding to copy filtered resources.
2020-01-29 10:48:52,596 [Worker-4: Building workspace] INFO  o.e.m.c.i.embedder.EclipseLogger - Copying 1 resource
2020-01-29 10:48:52,608 [Worker-4: Building workspace] INFO  o.e.m.c.i.embedder.EclipseLogger - Copying 1 resource
2020-01-29 10:48:52,615 [Worker-4: Building workspace] INFO  o.e.m.c.i.embedder.EclipseLogger - Using 'UTF-8' encoding to copy filtered resources.
2020-01-29 10:48:52,616 [Worker-4: Building workspace] INFO  o.e.m.c.i.embedder.EclipseLogger - skip non existing resourceDirectory C:\Users\chiquillo5678\Documents\Workspace1\javasoapclient\src\test\resources
2020-01-29 10:48:57,790 [Worker-4: Building workspace] INFO  o.e.m.c.i.embedder.EclipseLogger - Using 'UTF-8' encoding to copy filtered resources.
2020-01-29 10:48:57,791 [Worker-4: Building workspace] INFO  o.e.m.c.i.embedder.EclipseLogger - Copying 1 resource
2020-01-29 10:48:57,792 [Worker-4: Building workspace] INFO  o.e.m.c.i.embedder.EclipseLogger - Copying 1 resource
2020-01-29 10:48:57,794 [Worker-4: Building workspace] INFO  o.e.m.c.i.embedder.EclipseLogger - Using 'UTF-8' encoding to copy filtered resources.
2020-01-29 10:48:57,794 [Worker-4: Building workspace] INFO  o.e.m.c.i.embedder.EclipseLogger - skip non existing resourceDirectory C:\Users\chiquillo5678\Documents\Workspace1\javasoapclient\src\test\resources
2020-01-29 10:49:00,743 [Worker-4: Building workspace] INFO  o.e.m.c.i.embedder.EclipseLogger - Using 'UTF-8' encoding to copy filtered resources.
2020-01-29 10:49:00,743 [Worker-4: Building workspace] INFO  o.e.m.c.i.embedder.EclipseLogger - Copying 1 resource
2020-01-29 10:49:01,002 [Worker-4: Building workspace] INFO  o.e.m.c.i.embedder.EclipseLogger - Copying 1 resource
2020-01-29 10:49:01,030 [Worker-4: Building workspace] INFO  o.e.m.c.i.embedder.EclipseLogger - Using 'UTF-8' encoding to copy filtered resources.
2020-01-29 10:49:01,030 [Worker-4: Building workspace] INFO  o.e.m.c.i.embedder.EclipseLogger - skip non existing resourceDirectory C:\Users\chiquillo5678\Documents\Workspace1\wsdlfirstws\src\test\resources
2020-01-29 10:49:03,807 [Worker-4: Building workspace] INFO  o.e.m.c.i.e.AbstractTransferListenerAdapter - Downloading https://repo.maven.apache.org/maven2/org/apache/cxf/cxf-codegen-plugin/3.3.5/cxf-codegen-plugin-3.3.5.jar
2020-01-29 10:49:03,884 [Worker-4: Building workspace] INFO  o.e.m.c.i.e.AbstractTransferListenerAdapter - Downloaded https://repo.maven.apache.org/maven2/org/apache/cxf/cxf-codegen-plugin/3.3.5/cxf-codegen-plugin-3.3.5.jar
2020-01-29 10:49:04,217 [Worker-4: Building workspace] INFO  o.e.m.c.i.l.LifecycleMappingFactory - Using org.eclipse.m2e.jdt.JarLifecycleMapping lifecycle mapping for MavenProject: com.carloschiquillo.ws.soap:hellowebservice:0.0.1-SNAPSHOT @ C:\Users\chiquillo5678\Documents\Workspace1\hellowebservice\pom.xml.
2020-01-29 10:49:04,419 [Worker-4: Building workspace] INFO  o.e.m.c.i.e.AbstractTransferListenerAdapter - Downloading https://repo.maven.apache.org/maven2/org/apache/cxf/cxf-spring-boot-starter-jaxws/3.3.4/cxf-spring-boot-starter-jaxws-3.3.4.pom
2020-01-29 10:49:04,451 [Worker-4: Building workspace] INFO  o.e.m.c.i.e.AbstractTransferListenerAdapter - Downloaded https://repo.maven.apache.org/maven2/org/apache/cxf/cxf-spring-boot-starter-jaxws/3.3.4/cxf-spring-boot-starter-jaxws-3.3.4.pom
2020-01-29 10:49:04,479 [Worker-4: Building workspace] INFO  o.e.m.c.i.e.AbstractTransferListenerAdapter - Downloading https://repo.maven.apache.org/maven2/org/apache/cxf/cxf-parent/3.3.4/cxf-parent-3.3.4.pom
2020-01-29 10:49:04,548 [Worker-4: Building workspace] INFO  o.e.m.c.i.e.AbstractTransferListenerAdapter - Downloaded https://repo.maven.apache.org/maven2/org/apache/cxf/cxf-parent/3.3.4/cxf-parent-3.3.4.pom
2020-01-29 10:49:04,578 [Worker-4: Building workspace] INFO  o.e.m.c.i.e.AbstractTransferListenerAdapter - Downloading https://repo.maven.apache.org/maven2/org/apache/cxf/cxf/3.3.4/cxf-3.3.4.pom
2020-01-29 10:49:04,611 [Worker-4: Building workspace] INFO  o.e.m.c.i.e.AbstractTransferListenerAdapter - Downloaded https://repo.maven.apache.org/maven2/org/apache/cxf/cxf/3.3.4/cxf-3.3.4.pom
2020-01-29 10:49:04,729 [Worker-4: Building workspace] INFO  o.e.m.c.i.e.AbstractTransferListenerAdapter - Downloading https://repo.maven.apache.org/maven2/org/apache/cxf/cxf-spring-boot-autoconfigure/3.3.4/cxf-spring-boot-autoconfigure-3.3.4.pom
2020-01-29 10:49:04,756 [Worker-4: Building workspace] INFO  o.e.m.c.i.e.AbstractTransferListenerAdapter - Downloaded https://repo.maven.apache.org/maven2/org/apache/cxf/cxf-spring-boot-autoconfigure/3.3.4/cxf-spring-boot-autoconfigure-3.3.4.pom
2020-01-29 10:49:04,786 [Worker-4: Building workspace] INFO  o.e.m.c.i.e.AbstractTransferListenerAdapter - Downloading https://repo.maven.apache.org/maven2/org/apache/cxf/cxf-rt-transports-http/3.3.4/cxf-rt-transports-http-3.3.4.pom
2020-01-29 10:49:04,815 [Worker-4: Building workspace] INFO  o.e.m.c.i.e.AbstractTransferListenerAdapter - Downloaded https://repo.maven.apache.org/maven2/org/apache/cxf/cxf-rt-transports-http/3.3.4/cxf-rt-transports-http-3.3.4.pom
2020-01-29 10:49:04,850 [Worker-4: Building workspace] INFO  o.e.m.c.i.e.AbstractTransferListenerAdapter - Downloading https://repo.maven.apache.org/maven2/org/apache/cxf/cxf-core/3.3.4/cxf-core-3.3.4.pom
2020-01-29 10:49:04,880 [Worker-4: Building workspace] INFO  o.e.m.c.i.e.AbstractTransferListenerAdapter - Downloaded https://repo.maven.apache.org/maven2/org/apache/cxf/cxf-core/3.3.4/cxf-core-3.3.4.pom
2020-01-29 10:49:04,912 [Worker-4: Building workspace] INFO  o.e.m.c.i.e.AbstractTransferListenerAdapter - Downloading https://repo.maven.apache.org/maven2/org/glassfish/jaxb/jaxb-runtime/2.3.2/jaxb-runtime-2.3.2.pom
2020-01-29 10:49:04,941 [Worker-4: Building workspace] INFO  o.e.m.c.i.e.AbstractTransferListenerAdapter - Downloaded https://repo.maven.apache.org/maven2/org/glassfish/jaxb/jaxb-runtime/2.3.2/jaxb-runtime-2.3.2.pom
2020-01-29 10:49:04,970 [Worker-4: Building workspace] INFO  o.e.m.c.i.e.AbstractTransferListenerAdapter - Downloading https://repo.maven.apache.org/maven2/com/sun/xml/bind/mvn/jaxb-runtime-parent/2.3.2/jaxb-runtime-parent-2.3.2.pom
2020-01-29 10:49:04,998 [Worker-4: Building workspace] INFO  o.e.m.c.i.e.AbstractTransferListenerAdapter - Downloaded https://repo.maven.apache.org/maven2/com/sun/xml/bind/mvn/jaxb-runtime-parent/2.3.2/jaxb-runtime-parent-2.3.2.pom
2020-01-29 10:49:05,024 [Worker-4: Building workspace] INFO  o.e.m.c.i.e.AbstractTransferListenerAdapter - Downloading https://repo.maven.apache.org/maven2/com/sun/xml/bind/mvn/jaxb-parent/2.3.2/jaxb-parent-2.3.2.pom
2020-01-29 10:49:05,054 [Worker-4: Building workspace] INFO  o.e.m.c.i.e.AbstractTransferListenerAdapter - Downloaded https://repo.maven.apache.org/maven2/com/sun/xml/bind/mvn/jaxb-parent/2.3.2/jaxb-parent-2.3.2.pom
2020-01-29 10:49:05,089 [Worker-4: Building workspace] INFO  o.e.m.c.i.e.AbstractTransferListenerAdapter - Downloading https://repo.maven.apache.org/maven2/com/sun/xml/bind/jaxb-bom-ext/2.3.2/jaxb-bom-ext-2.3.2.pom
2020-01-29 10:49:05,115 [Worker-4: Building workspace] INFO  o.e.m.c.i.e.AbstractTransferListenerAdapter - Downloaded https://repo.maven.apache.org/maven2/com/sun/xml/bind/jaxb-bom-ext/2.3.2/jaxb-bom-ext-2.3.2.pom
2020-01-29 10:49:05,141 [Worker-4: Building workspace] INFO  o.e.m.c.i.e.AbstractTransferListenerAdapter - Downloading https://repo.maven.apache.org/maven2/org/glassfish/jaxb/jaxb-bom/2.3.2/jaxb-bom-2.3.2.pom
2020-01-29 10:49:05,167 [Worker-4: Building workspace] INFO  o.e.m.c.i.e.AbstractTransferListenerAdapter - Downloaded https://repo.maven.apache.org/maven2/org/glassfish/jaxb/jaxb-bom/2.3.2/jaxb-bom-2.3.2.pom
2020-01-29 10:49:05,205 [Worker-4: Building workspace] INFO  o.e.m.c.i.e.AbstractTransferListenerAdapter - Downloading https://repo.maven.apache.org/maven2/org/glassfish/jaxb/txw2/2.3.2/txw2-2.3.2.pom
2020-01-29 10:49:05,233 [Worker-4: Building workspace] INFO  o.e.m.c.i.e.AbstractTransferListenerAdapter - Downloaded https://repo.maven.apache.org/maven2/org/glassfish/jaxb/txw2/2.3.2/txw2-2.3.2.pom
2020-01-29 10:49:05,263 [Worker-4: Building workspace] INFO  o.e.m.c.i.e.AbstractTransferListenerAdapter - Downloading https://repo.maven.apache.org/maven2/com/sun/xml/bind/mvn/jaxb-txw-parent/2.3.2/jaxb-txw-parent-2.3.2.pom
2020-01-29 10:49:05,291 [Worker-4: Building workspace] INFO  o.e.m.c.i.e.AbstractTransferListenerAdapter - Downloaded https://repo.maven.apache.org/maven2/com/sun/xml/bind/mvn/jaxb-txw-parent/2.3.2/jaxb-txw-parent-2.3.2.pom
2020-01-29 10:49:05,326 [Worker-4: Building workspace] INFO  o.e.m.c.i.e.AbstractTransferListenerAdapter - Downloading https://repo.maven.apache.org/maven2/com/sun/istack/istack-commons-runtime/3.0.8/istack-commons-runtime-3.0.8.pom
2020-01-29 10:49:05,356 [Worker-4: Building workspace] INFO  o.e.m.c.i.e.AbstractTransferListenerAdapter - Downloaded https://repo.maven.apache.org/maven2/com/sun/istack/istack-commons-runtime/3.0.8/istack-commons-runtime-3.0.8.pom
2020-01-29 10:49:05,386 [Worker-4: Building workspace] INFO  o.e.m.c.i.e.AbstractTransferListenerAdapter - Downloading https://repo.maven.apache.org/maven2/com/sun/istack/istack-commons/3.0.8/istack-commons-3.0.8.pom
2020-01-29 10:49:05,417 [Worker-4: Building workspace] INFO  o.e.m.c.i.e.AbstractTransferListenerAdapter - Downloaded https://repo.maven.apache.org/maven2/com/sun/istack/istack-commons/3.0.8/istack-commons-3.0.8.pom
2020-01-29 10:49:05,451 [Worker-4: Building workspace] INFO  o.e.m.c.i.e.AbstractTransferListenerAdapter - Downloading https://repo.maven.apache.org/maven2/org/jvnet/staxex/stax-ex/1.8.1/stax-ex-1.8.1.pom
2020-01-29 10:49:05,505 [Worker-4: Building workspace] INFO  o.e.m.c.i.e.AbstractTransferListenerAdapter - Downloaded https://repo.maven.apache.org/maven2/org/jvnet/staxex/stax-ex/1.8.1/stax-ex-1.8.1.pom
2020-01-29 10:49:05,536 [Worker-4: Building workspace] INFO  o.e.m.c.i.e.AbstractTransferListenerAdapter - Downloading https://repo.maven.apache.org/maven2/com/sun/xml/fastinfoset/FastInfoset/1.2.16/FastInfoset-1.2.16.pom
2020-01-29 10:49:05,570 [Worker-4: Building workspace] INFO  o.e.m.c.i.e.AbstractTransferListenerAdapter - Downloaded https://repo.maven.apache.org/maven2/com/sun/xml/fastinfoset/FastInfoset/1.2.16/FastInfoset-1.2.16.pom
2020-01-29 10:49:05,598 [Worker-4: Building workspace] INFO  o.e.m.c.i.e.AbstractTransferListenerAdapter - Downloading https://repo.maven.apache.org/maven2/com/sun/xml/fastinfoset/fastinfoset-project/1.2.16/fastinfoset-project-1.2.16.pom
2020-01-29 10:49:05,628 [Worker-4: Building workspace] INFO  o.e.m.c.i.e.AbstractTransferListenerAdapter - Downloaded https://repo.maven.apache.org/maven2/com/sun/xml/fastinfoset/fastinfoset-project/1.2.16/fastinfoset-project-1.2.16.pom
2020-01-29 10:49:05,667 [Worker-4: Building workspace] INFO  o.e.m.c.i.e.AbstractTransferListenerAdapter - Downloading https://repo.maven.apache.org/maven2/org/apache/ws/xmlschema/xmlschema-core/2.2.4/xmlschema-core-2.2.4.pom
2020-01-29 10:49:05,696 [Worker-4: Building workspace] INFO  o.e.m.c.i.e.AbstractTransferListenerAdapter - Downloaded https://repo.maven.apache.org/maven2/org/apache/ws/xmlschema/xmlschema-core/2.2.4/xmlschema-core-2.2.4.pom
2020-01-29 10:49:05,725 [Worker-4: Building workspace] INFO  o.e.m.c.i.e.AbstractTransferListenerAdapter - Downloading https://repo.maven.apache.org/maven2/org/apache/ws/xmlschema/xmlschema/2.2.4/xmlschema-2.2.4.pom
2020-01-29 10:49:05,756 [Worker-4: Building workspace] INFO  o.e.m.c.i.e.AbstractTransferListenerAdapter - Downloaded https://repo.maven.apache.org/maven2/org/apache/ws/xmlschema/xmlschema/2.2.4/xmlschema-2.2.4.pom
2020-01-29 10:49:05,787 [Worker-4: Building workspace] INFO  o.e.m.c.i.e.AbstractTransferListenerAdapter - Downloading https://repo.maven.apache.org/maven2/org/apache/cxf/cxf-rt-frontend-jaxws/3.3.4/cxf-rt-frontend-jaxws-3.3.4.pom
2020-01-29 10:49:05,816 [Worker-4: Building workspace] INFO  o.e.m.c.i.e.AbstractTransferListenerAdapter - Downloaded https://repo.maven.apache.org/maven2/org/apache/cxf/cxf-rt-frontend-jaxws/3.3.4/cxf-rt-frontend-jaxws-3.3.4.pom
2020-01-29 10:49:05,849 [Worker-4: Building workspace] INFO  o.e.m.c.i.e.AbstractTransferListenerAdapter - Downloading https://repo.maven.apache.org/maven2/org/ow2/asm/asm/7.1/asm-7.1.pom
2020-01-29 10:49:05,912 [Worker-4: Building workspace] INFO  o.e.m.c.i.e.AbstractTransferListenerAdapter - Downloaded https://repo.maven.apache.org/maven2/org/ow2/asm/asm/7.1/asm-7.1.pom
2020-01-29 10:49:05,941 [Worker-4: Building workspace] INFO  o.e.m.c.i.e.AbstractTransferListenerAdapter - Downloading https://repo.maven.apache.org/maven2/org/apache/cxf/cxf-rt-bindings-soap/3.3.4/cxf-rt-bindings-soap-3.3.4.pom
2020-01-29 10:49:05,969 [Worker-4: Building workspace] INFO  o.e.m.c.i.e.AbstractTransferListenerAdapter - Downloaded https://repo.maven.apache.org/maven2/org/apache/cxf/cxf-rt-bindings-soap/3.3.4/cxf-rt-bindings-soap-3.3.4.pom
2020-01-29 10:49:06,001 [Worker-4: Building workspace] INFO  o.e.m.c.i.e.AbstractTransferListenerAdapter - Downloading https://repo.maven.apache.org/maven2/org/apache/cxf/cxf-rt-wsdl/3.3.4/cxf-rt-wsdl-3.3.4.pom
2020-01-29 10:49:06,139 [Worker-4: Building workspace] INFO  o.e.m.c.i.e.AbstractTransferListenerAdapter - Downloaded https://repo.maven.apache.org/maven2/org/apache/cxf/cxf-rt-wsdl/3.3.4/cxf-rt-wsdl-3.3.4.pom
2020-01-29 10:49:06,172 [Worker-4: Building workspace] INFO  o.e.m.c.i.e.AbstractTransferListenerAdapter - Downloading https://repo.maven.apache.org/maven2/org/apache/cxf/cxf-rt-databinding-jaxb/3.3.4/cxf-rt-databinding-jaxb-3.3.4.pom
2020-01-29 10:49:06,201 [Worker-4: Building workspace] INFO  o.e.m.c.i.e.AbstractTransferListenerAdapter - Downloaded https://repo.maven.apache.org/maven2/org/apache/cxf/cxf-rt-databinding-jaxb/3.3.4/cxf-rt-databinding-jaxb-3.3.4.pom
2020-01-29 10:49:06,236 [Worker-4: Building workspace] INFO  o.e.m.c.i.e.AbstractTransferListenerAdapter - Downloading https://repo.maven.apache.org/maven2/org/apache/cxf/cxf-rt-bindings-xml/3.3.4/cxf-rt-bindings-xml-3.3.4.pom
2020-01-29 10:49:06,267 [Worker-4: Building workspace] INFO  o.e.m.c.i.e.AbstractTransferListenerAdapter - Downloaded https://repo.maven.apache.org/maven2/org/apache/cxf/cxf-rt-bindings-xml/3.3.4/cxf-rt-bindings-xml-3.3.4.pom
2020-01-29 10:49:06,298 [Worker-4: Building workspace] INFO  o.e.m.c.i.e.AbstractTransferListenerAdapter - Downloading https://repo.maven.apache.org/maven2/org/apache/cxf/cxf-rt-frontend-simple/3.3.4/cxf-rt-frontend-simple-3.3.4.pom
2020-01-29 10:49:06,330 [Worker-4: Building workspace] INFO  o.e.m.c.i.e.AbstractTransferListenerAdapter - Downloaded https://repo.maven.apache.org/maven2/org/apache/cxf/cxf-rt-frontend-simple/3.3.4/cxf-rt-frontend-simple-3.3.4.pom
2020-01-29 10:49:06,362 [Worker-4: Building workspace] INFO  o.e.m.c.i.e.AbstractTransferListenerAdapter - Downloading https://repo.maven.apache.org/maven2/org/apache/cxf/cxf-rt-ws-addr/3.3.4/cxf-rt-ws-addr-3.3.4.pom
2020-01-29 10:49:06,393 [Worker-4: Building workspace] INFO  o.e.m.c.i.e.AbstractTransferListenerAdapter - Downloaded https://repo.maven.apache.org/maven2/org/apache/cxf/cxf-rt-ws-addr/3.3.4/cxf-rt-ws-addr-3.3.4.pom
2020-01-29 10:49:06,427 [Worker-4: Building workspace] INFO  o.e.m.c.i.e.AbstractTransferListenerAdapter - Downloading https://repo.maven.apache.org/maven2/org/apache/cxf/cxf-rt-ws-policy/3.3.4/cxf-rt-ws-policy-3.3.4.pom
2020-01-29 10:49:06,458 [Worker-4: Building workspace] INFO  o.e.m.c.i.e.AbstractTransferListenerAdapter - Downloaded https://repo.maven.apache.org/maven2/org/apache/cxf/cxf-rt-ws-policy/3.3.4/cxf-rt-ws-policy-3.3.4.pom
2020-01-29 10:49:06,491 [Worker-4: Building workspace] INFO  o.e.m.c.i.e.AbstractTransferListenerAdapter - Downloading https://repo.maven.apache.org/maven2/org/apache/neethi/neethi/3.1.1/neethi-3.1.1.pom
2020-01-29 10:49:06,521 [Worker-4: Building workspace] INFO  o.e.m.c.i.e.AbstractTransferListenerAdapter - Downloaded https://repo.maven.apache.org/maven2/org/apache/neethi/neethi/3.1.1/neethi-3.1.1.pom
2020-01-29 10:49:06,668 [Worker-4: Building workspace] INFO  o.e.m.c.i.e.AbstractTransferListenerAdapter - Downloading https://repo.maven.apache.org/maven2/org/apache/cxf/cxf-spring-boot-starter-jaxws/3.3.4/cxf-spring-boot-starter-jaxws-3.3.4.jar
2020-01-29 10:49:06,734 [Worker-4: Building workspace] INFO  o.e.m.c.i.e.AbstractTransferListenerAdapter - Downloaded https://repo.maven.apache.org/maven2/org/apache/cxf/cxf-spring-boot-starter-jaxws/3.3.4/cxf-spring-boot-starter-jaxws-3.3.4.jar
2020-01-29 10:49:06,752 [Worker-4: Building workspace] INFO  o.e.m.c.i.e.AbstractTransferListenerAdapter - Downloading https://repo.maven.apache.org/maven2/org/apache/cxf/cxf-spring-boot-autoconfigure/3.3.4/cxf-spring-boot-autoconfigure-3.3.4.jar
2020-01-29 10:49:06,877 [Worker-4: Building workspace] INFO  o.e.m.c.i.e.AbstractTransferListenerAdapter - Downloaded https://repo.maven.apache.org/maven2/org/apache/cxf/cxf-spring-boot-autoconfigure/3.3.4/cxf-spring-boot-autoconfigure-3.3.4.jar
2020-01-29 10:49:06,893 [Worker-4: Building workspace] INFO  o.e.m.c.i.e.AbstractTransferListenerAdapter - Downloading https://repo.maven.apache.org/maven2/org/apache/cxf/cxf-rt-transports-http/3.3.4/cxf-rt-transports-http-3.3.4.jar
2020-01-29 10:49:06,945 [Worker-4: Building workspace] INFO  o.e.m.c.i.e.AbstractTransferListenerAdapter - Downloaded https://repo.maven.apache.org/maven2/org/apache/cxf/cxf-rt-transports-http/3.3.4/cxf-rt-transports-http-3.3.4.jar
2020-01-29 10:49:06,963 [Worker-4: Building workspace] INFO  o.e.m.c.i.e.AbstractTransferListenerAdapter - Downloading https://repo.maven.apache.org/maven2/org/apache/cxf/cxf-core/3.3.4/cxf-core-3.3.4.jar
2020-01-29 10:49:07,060 [Worker-4: Building workspace] INFO  o.e.m.c.i.e.AbstractTransferListenerAdapter - Downloaded https://repo.maven.apache.org/maven2/org/apache/cxf/cxf-core/3.3.4/cxf-core-3.3.4.jar
2020-01-29 10:49:07,074 [Worker-4: Building workspace] INFO  o.e.m.c.i.e.AbstractTransferListenerAdapter - Downloading https://repo.maven.apache.org/maven2/org/glassfish/jaxb/jaxb-runtime/2.3.2/jaxb-runtime-2.3.2.jar
2020-01-29 10:49:07,150 [Worker-4: Building workspace] INFO  o.e.m.c.i.e.AbstractTransferListenerAdapter - Downloaded https://repo.maven.apache.org/maven2/org/glassfish/jaxb/jaxb-runtime/2.3.2/jaxb-runtime-2.3.2.jar
2020-01-29 10:49:07,162 [Worker-4: Building workspace] INFO  o.e.m.c.i.e.AbstractTransferListenerAdapter - Downloading https://repo.maven.apache.org/maven2/org/glassfish/jaxb/txw2/2.3.2/txw2-2.3.2.jar
2020-01-29 10:49:07,194 [Worker-4: Building workspace] INFO  o.e.m.c.i.e.AbstractTransferListenerAdapter - Downloaded https://repo.maven.apache.org/maven2/org/glassfish/jaxb/txw2/2.3.2/txw2-2.3.2.jar
2020-01-29 10:49:07,206 [Worker-4: Building workspace] INFO  o.e.m.c.i.e.AbstractTransferListenerAdapter - Downloading https://repo.maven.apache.org/maven2/com/sun/istack/istack-commons-runtime/3.0.8/istack-commons-runtime-3.0.8.jar
2020-01-29 10:49:07,349 [Worker-4: Building workspace] INFO  o.e.m.c.i.e.AbstractTransferListenerAdapter - Downloaded https://repo.maven.apache.org/maven2/com/sun/istack/istack-commons-runtime/3.0.8/istack-commons-runtime-3.0.8.jar
2020-01-29 10:49:07,362 [Worker-4: Building workspace] INFO  o.e.m.c.i.e.AbstractTransferListenerAdapter - Downloading https://repo.maven.apache.org/maven2/org/jvnet/staxex/stax-ex/1.8.1/stax-ex-1.8.1.jar
2020-01-29 10:49:07,515 [Worker-4: Building workspace] INFO  o.e.m.c.i.e.AbstractTransferListenerAdapter - Downloaded https://repo.maven.apache.org/maven2/org/jvnet/staxex/stax-ex/1.8.1/stax-ex-1.8.1.jar
2020-01-29 10:49:07,528 [Worker-4: Building workspace] INFO  o.e.m.c.i.e.AbstractTransferListenerAdapter - Downloading https://repo.maven.apache.org/maven2/com/sun/xml/fastinfoset/FastInfoset/1.2.16/FastInfoset-1.2.16.jar
2020-01-29 10:49:07,570 [Worker-4: Building workspace] INFO  o.e.m.c.i.e.AbstractTransferListenerAdapter - Downloaded https://repo.maven.apache.org/maven2/com/sun/xml/fastinfoset/FastInfoset/1.2.16/FastInfoset-1.2.16.jar
2020-01-29 10:49:07,586 [Worker-4: Building workspace] INFO  o.e.m.c.i.e.AbstractTransferListenerAdapter - Downloading https://repo.maven.apache.org/maven2/org/apache/ws/xmlschema/xmlschema-core/2.2.4/xmlschema-core-2.2.4.jar
2020-01-29 10:49:07,621 [Worker-4: Building workspace] INFO  o.e.m.c.i.e.AbstractTransferListenerAdapter - Downloaded https://repo.maven.apache.org/maven2/org/apache/ws/xmlschema/xmlschema-core/2.2.4/xmlschema-core-2.2.4.jar
2020-01-29 10:49:07,639 [Worker-4: Building workspace] INFO  o.e.m.c.i.e.AbstractTransferListenerAdapter - Downloading https://repo.maven.apache.org/maven2/org/apache/cxf/cxf-rt-frontend-jaxws/3.3.4/cxf-rt-frontend-jaxws-3.3.4.jar
2020-01-29 10:49:07,684 [Worker-4: Building workspace] INFO  o.e.m.c.i.e.AbstractTransferListenerAdapter - Downloaded https://repo.maven.apache.org/maven2/org/apache/cxf/cxf-rt-frontend-jaxws/3.3.4/cxf-rt-frontend-jaxws-3.3.4.jar
2020-01-29 10:49:07,696 [Worker-4: Building workspace] INFO  o.e.m.c.i.e.AbstractTransferListenerAdapter - Downloading https://repo.maven.apache.org/maven2/org/ow2/asm/asm/7.1/asm-7.1.jar
2020-01-29 10:49:07,739 [Worker-4: Building workspace] INFO  o.e.m.c.i.e.AbstractTransferListenerAdapter - Downloaded https://repo.maven.apache.org/maven2/org/ow2/asm/asm/7.1/asm-7.1.jar
2020-01-29 10:49:07,753 [Worker-4: Building workspace] INFO  o.e.m.c.i.e.AbstractTransferListenerAdapter - Downloading https://repo.maven.apache.org/maven2/org/apache/cxf/cxf-rt-bindings-soap/3.3.4/cxf-rt-bindings-soap-3.3.4.jar
2020-01-29 10:49:07,789 [Worker-4: Building workspace] INFO  o.e.m.c.i.e.AbstractTransferListenerAdapter - Downloaded https://repo.maven.apache.org/maven2/org/apache/cxf/cxf-rt-bindings-soap/3.3.4/cxf-rt-bindings-soap-3.3.4.jar
2020-01-29 10:49:07,802 [Worker-4: Building workspace] INFO  o.e.m.c.i.e.AbstractTransferListenerAdapter - Downloading https://repo.maven.apache.org/maven2/org/apache/cxf/cxf-rt-wsdl/3.3.4/cxf-rt-wsdl-3.3.4.jar
2020-01-29 10:49:07,839 [Worker-4: Building workspace] INFO  o.e.m.c.i.e.AbstractTransferListenerAdapter - Downloaded https://repo.maven.apache.org/maven2/org/apache/cxf/cxf-rt-wsdl/3.3.4/cxf-rt-wsdl-3.3.4.jar
2020-01-29 10:49:07,853 [Worker-4: Building workspace] INFO  o.e.m.c.i.e.AbstractTransferListenerAdapter - Downloading https://repo.maven.apache.org/maven2/org/apache/cxf/cxf-rt-databinding-jaxb/3.3.4/cxf-rt-databinding-jaxb-3.3.4.jar
2020-01-29 10:49:07,887 [Worker-4: Building workspace] INFO  o.e.m.c.i.e.AbstractTransferListenerAdapter - Downloaded https://repo.maven.apache.org/maven2/org/apache/cxf/cxf-rt-databinding-jaxb/3.3.4/cxf-rt-databinding-jaxb-3.3.4.jar
2020-01-29 10:49:07,900 [Worker-4: Building workspace] INFO  o.e.m.c.i.e.AbstractTransferListenerAdapter - Downloading https://repo.maven.apache.org/maven2/org/apache/cxf/cxf-rt-bindings-xml/3.3.4/cxf-rt-bindings-xml-3.3.4.jar
2020-01-29 10:49:08,179 [Worker-4: Building workspace] INFO  o.e.m.c.i.e.AbstractTransferListenerAdapter - Downloaded https://repo.maven.apache.org/maven2/org/apache/cxf/cxf-rt-bindings-xml/3.3.4/cxf-rt-bindings-xml-3.3.4.jar
2020-01-29 10:49:08,194 [Worker-4: Building workspace] INFO  o.e.m.c.i.e.AbstractTransferListenerAdapter - Downloading https://repo.maven.apache.org/maven2/org/apache/cxf/cxf-rt-frontend-simple/3.3.4/cxf-rt-frontend-simple-3.3.4.jar
2020-01-29 10:49:08,228 [Worker-4: Building workspace] INFO  o.e.m.c.i.e.AbstractTransferListenerAdapter - Downloaded https://repo.maven.apache.org/maven2/org/apache/cxf/cxf-rt-frontend-simple/3.3.4/cxf-rt-frontend-simple-3.3.4.jar
2020-01-29 10:49:08,245 [Worker-4: Building workspace] INFO  o.e.m.c.i.e.AbstractTransferListenerAdapter - Downloading https://repo.maven.apache.org/maven2/org/apache/cxf/cxf-rt-ws-addr/3.3.4/cxf-rt-ws-addr-3.3.4.jar
2020-01-29 10:49:08,278 [Worker-4: Building workspace] INFO  o.e.m.c.i.e.AbstractTransferListenerAdapter - Downloaded https://repo.maven.apache.org/maven2/org/apache/cxf/cxf-rt-ws-addr/3.3.4/cxf-rt-ws-addr-3.3.4.jar
2020-01-29 10:49:08,293 [Worker-4: Building workspace] INFO  o.e.m.c.i.e.AbstractTransferListenerAdapter - Downloading https://repo.maven.apache.org/maven2/org/apache/cxf/cxf-rt-ws-policy/3.3.4/cxf-rt-ws-policy-3.3.4.jar
2020-01-29 10:49:08,332 [Worker-4: Building workspace] INFO  o.e.m.c.i.e.AbstractTransferListenerAdapter - Downloaded https://repo.maven.apache.org/maven2/org/apache/cxf/cxf-rt-ws-policy/3.3.4/cxf-rt-ws-policy-3.3.4.jar
2020-01-29 10:49:08,347 [Worker-4: Building workspace] INFO  o.e.m.c.i.e.AbstractTransferListenerAdapter - Downloading https://repo.maven.apache.org/maven2/org/apache/neethi/neethi/3.1.1/neethi-3.1.1.jar
2020-01-29 10:49:08,380 [Worker-4: Building workspace] INFO  o.e.m.c.i.e.AbstractTransferListenerAdapter - Downloaded https://repo.maven.apache.org/maven2/org/apache/neethi/neethi/3.1.1/neethi-3.1.1.jar
2020-01-29 10:49:08,761 [Worker-4: Building workspace] WARN  o.e.a.i.i.DefaultRepositoryEventDispatcher - Failed to dispatch repository event to org.eclipse.m2e.core.internal.embedder.EclipseRepositoryListener: null
2020-01-29 10:49:09,765 [Worker-4: Building workspace] WARN  o.e.a.i.i.DefaultRepositoryEventDispatcher - Failed to dispatch repository event to org.eclipse.m2e.core.internal.embedder.EclipseRepositoryListener: null
2020-01-29 10:49:10,650 [Worker-4: Building workspace] INFO  o.e.m.c.i.e.AbstractTransferListenerAdapter - Downloading https://repo.maven.apache.org/maven2/org/apache/cxf/cxf-codegen-plugin/3.3.5/cxf-codegen-plugin-3.3.5.pom
2020-01-29 10:49:10,684 [Worker-4: Building workspace] INFO  o.e.m.c.i.e.AbstractTransferListenerAdapter - Downloaded https://repo.maven.apache.org/maven2/org/apache/cxf/cxf-codegen-plugin/3.3.5/cxf-codegen-plugin-3.3.5.pom
2020-01-29 10:49:10,710 [Worker-4: Building workspace] INFO  o.e.m.c.i.e.AbstractTransferListenerAdapter - Downloading https://repo.maven.apache.org/maven2/org/apache/cxf/cxf-maven-plugins/3.3.5/cxf-maven-plugins-3.3.5.pom
2020-01-29 10:49:10,738 [Worker-4: Building workspace] INFO  o.e.m.c.i.e.AbstractTransferListenerAdapter - Downloaded https://repo.maven.apache.org/maven2/org/apache/cxf/cxf-maven-plugins/3.3.5/cxf-maven-plugins-3.3.5.pom
2020-01-29 10:49:10,767 [Worker-4: Building workspace] INFO  o.e.m.c.i.e.AbstractTransferListenerAdapter - Downloading https://repo.maven.apache.org/maven2/org/apache/cxf/cxf-parent/3.3.5/cxf-parent-3.3.5.pom
2020-01-29 10:49:10,841 [Worker-4: Building workspace] INFO  o.e.m.c.i.e.AbstractTransferListenerAdapter - Downloaded https://repo.maven.apache.org/maven2/org/apache/cxf/cxf-parent/3.3.5/cxf-parent-3.3.5.pom
2020-01-29 10:49:10,869 [Worker-4: Building workspace] INFO  o.e.m.c.i.e.AbstractTransferListenerAdapter - Downloading https://repo.maven.apache.org/maven2/org/apache/cxf/cxf/3.3.5/cxf-3.3.5.pom
2020-01-29 10:49:10,898 [Worker-4: Building workspace] INFO  o.e.m.c.i.e.AbstractTransferListenerAdapter - Downloaded https://repo.maven.apache.org/maven2/org/apache/cxf/cxf/3.3.5/cxf-3.3.5.pom
2020-01-29 10:49:11,272 [Worker-4: Building workspace] INFO  o.e.m.c.i.e.AbstractTransferListenerAdapter - Downloading https://repo.maven.apache.org/maven2/org/codehaus/plexus/plexus-archiver/4.2.0/plexus-archiver-4.2.0.pom
2020-01-29 10:49:11,301 [Worker-4: Building workspace] INFO  o.e.m.c.i.e.AbstractTransferListenerAdapter - Downloaded https://repo.maven.apache.org/maven2/org/codehaus/plexus/plexus-archiver/4.2.0/plexus-archiver-4.2.0.pom
2020-01-29 10:49:11,330 [Worker-4: Building workspace] INFO  o.e.m.c.i.e.AbstractTransferListenerAdapter - Downloading https://repo.maven.apache.org/maven2/org/codehaus/plexus/plexus-utils/3.3.0/plexus-utils-3.3.0.pom
2020-01-29 10:49:11,359 [Worker-4: Building workspace] INFO  o.e.m.c.i.e.AbstractTransferListenerAdapter - Downloaded https://repo.maven.apache.org/maven2/org/codehaus/plexus/plexus-utils/3.3.0/plexus-utils-3.3.0.pom
2020-01-29 10:49:11,386 [Worker-4: Building workspace] INFO  o.e.m.c.i.e.AbstractTransferListenerAdapter - Downloading https://repo.maven.apache.org/maven2/org/codehaus/plexus/plexus-io/3.2.0/plexus-io-3.2.0.pom
2020-01-29 10:49:11,417 [Worker-4: Building workspace] INFO  o.e.m.c.i.e.AbstractTransferListenerAdapter - Downloaded https://repo.maven.apache.org/maven2/org/codehaus/plexus/plexus-io/3.2.0/plexus-io-3.2.0.pom
2020-01-29 10:49:11,506 [Worker-4: Building workspace] INFO  o.e.m.c.i.e.AbstractTransferListenerAdapter - Downloading https://repo.maven.apache.org/maven2/org/apache/cxf/cxf-core/3.3.5/cxf-core-3.3.5.pom
2020-01-29 10:49:11,536 [Worker-4: Building workspace] INFO  o.e.m.c.i.e.AbstractTransferListenerAdapter - Downloaded https://repo.maven.apache.org/maven2/org/apache/cxf/cxf-core/3.3.5/cxf-core-3.3.5.pom
2020-01-29 10:49:11,568 [Worker-4: Building workspace] INFO  o.e.m.c.i.e.AbstractTransferListenerAdapter - Downloading https://repo.maven.apache.org/maven2/org/apache/ws/xmlschema/xmlschema-core/2.2.5/xmlschema-core-2.2.5.pom
2020-01-29 10:49:11,596 [Worker-4: Building workspace] INFO  o.e.m.c.i.e.AbstractTransferListenerAdapter - Downloaded https://repo.maven.apache.org/maven2/org/apache/ws/xmlschema/xmlschema-core/2.2.5/xmlschema-core-2.2.5.pom
2020-01-29 10:49:11,624 [Worker-4: Building workspace] INFO  o.e.m.c.i.e.AbstractTransferListenerAdapter - Downloading https://repo.maven.apache.org/maven2/org/apache/ws/xmlschema/xmlschema/2.2.5/xmlschema-2.2.5.pom
2020-01-29 10:49:11,655 [Worker-4: Building workspace] INFO  o.e.m.c.i.e.AbstractTransferListenerAdapter - Downloaded https://repo.maven.apache.org/maven2/org/apache/ws/xmlschema/xmlschema/2.2.5/xmlschema-2.2.5.pom
2020-01-29 10:49:11,686 [Worker-4: Building workspace] INFO  o.e.m.c.i.e.AbstractTransferListenerAdapter - Downloading https://repo.maven.apache.org/maven2/org/apache/cxf/cxf-tools-common/3.3.5/cxf-tools-common-3.3.5.pom
2020-01-29 10:49:11,713 [Worker-4: Building workspace] INFO  o.e.m.c.i.e.AbstractTransferListenerAdapter - Downloaded https://repo.maven.apache.org/maven2/org/apache/cxf/cxf-tools-common/3.3.5/cxf-tools-common-3.3.5.pom
2020-01-29 10:49:11,770 [Worker-4: Building workspace] INFO  o.e.m.c.i.e.AbstractTransferListenerAdapter - Downloading https://repo.maven.apache.org/maven2/org/apache/velocity/velocity-engine-core/2.1/velocity-engine-core-2.1.pom
2020-01-29 10:49:11,800 [Worker-4: Building workspace] INFO  o.e.m.c.i.e.AbstractTransferListenerAdapter - Downloaded https://repo.maven.apache.org/maven2/org/apache/velocity/velocity-engine-core/2.1/velocity-engine-core-2.1.pom
2020-01-29 10:49:11,842 [Worker-4: Building workspace] INFO  o.e.m.c.i.e.AbstractTransferListenerAdapter - Downloading https://repo.maven.apache.org/maven2/org/apache/velocity/velocity-engine-parent/2.1/velocity-engine-parent-2.1.pom
2020-01-29 10:49:11,875 [Worker-4: Building workspace] INFO  o.e.m.c.i.e.AbstractTransferListenerAdapter - Downloaded https://repo.maven.apache.org/maven2/org/apache/velocity/velocity-engine-parent/2.1/velocity-engine-parent-2.1.pom
2020-01-29 10:49:11,975 [Worker-4: Building workspace] INFO  o.e.m.c.i.e.AbstractTransferListenerAdapter - Downloading https://repo.maven.apache.org/maven2/org/slf4j/slf4j-api/1.7.29/slf4j-api-1.7.29.pom
2020-01-29 10:49:12,006 [Worker-4: Building workspace] INFO  o.e.m.c.i.e.AbstractTransferListenerAdapter - Downloaded https://repo.maven.apache.org/maven2/org/slf4j/slf4j-api/1.7.29/slf4j-api-1.7.29.pom
2020-01-29 10:49:12,038 [Worker-4: Building workspace] INFO  o.e.m.c.i.e.AbstractTransferListenerAdapter - Downloading https://repo.maven.apache.org/maven2/org/slf4j/slf4j-parent/1.7.29/slf4j-parent-1.7.29.pom
2020-01-29 10:49:12,065 [Worker-4: Building workspace] INFO  o.e.m.c.i.e.AbstractTransferListenerAdapter - Downloaded https://repo.maven.apache.org/maven2/org/slf4j/slf4j-parent/1.7.29/slf4j-parent-1.7.29.pom
2020-01-29 10:49:12,099 [Worker-4: Building workspace] INFO  o.e.m.c.i.e.AbstractTransferListenerAdapter - Downloading https://repo.maven.apache.org/maven2/org/glassfish/jaxb/jaxb-xjc/2.3.2/jaxb-xjc-2.3.2.pom
2020-01-29 10:49:12,222 [Worker-4: Building workspace] INFO  o.e.m.c.i.e.AbstractTransferListenerAdapter - Downloaded https://repo.maven.apache.org/maven2/org/glassfish/jaxb/jaxb-xjc/2.3.2/jaxb-xjc-2.3.2.pom
2020-01-29 10:49:12,259 [Worker-4: Building workspace] INFO  o.e.m.c.i.e.AbstractTransferListenerAdapter - Downloading https://repo.maven.apache.org/maven2/org/glassfish/jaxb/xsom/2.3.2/xsom-2.3.2.pom
2020-01-29 10:49:12,287 [Worker-4: Building workspace] INFO  o.e.m.c.i.e.AbstractTransferListenerAdapter - Downloaded https://repo.maven.apache.org/maven2/org/glassfish/jaxb/xsom/2.3.2/xsom-2.3.2.pom
2020-01-29 10:49:12,316 [Worker-4: Building workspace] INFO  o.e.m.c.i.e.AbstractTransferListenerAdapter - Downloading https://repo.maven.apache.org/maven2/com/sun/xml/bind/external/relaxng-datatype/2.3.2/relaxng-datatype-2.3.2.pom
2020-01-29 10:49:12,344 [Worker-4: Building workspace] INFO  o.e.m.c.i.e.AbstractTransferListenerAdapter - Downloaded https://repo.maven.apache.org/maven2/com/sun/xml/bind/external/relaxng-datatype/2.3.2/relaxng-datatype-2.3.2.pom
2020-01-29 10:49:12,375 [Worker-4: Building workspace] INFO  o.e.m.c.i.e.AbstractTransferListenerAdapter - Downloading https://repo.maven.apache.org/maven2/com/sun/xml/bind/mvn/jaxb-external-parent/2.3.2/jaxb-external-parent-2.3.2.pom
2020-01-29 10:49:12,406 [Worker-4: Building workspace] INFO  o.e.m.c.i.e.AbstractTransferListenerAdapter - Downloaded https://repo.maven.apache.org/maven2/com/sun/xml/bind/mvn/jaxb-external-parent/2.3.2/jaxb-external-parent-2.3.2.pom
2020-01-29 10:49:12,439 [Worker-4: Building workspace] INFO  o.e.m.c.i.e.AbstractTransferListenerAdapter - Downloading https://repo.maven.apache.org/maven2/org/glassfish/jaxb/codemodel/2.3.2/codemodel-2.3.2.pom
2020-01-29 10:49:12,469 [Worker-4: Building workspace] INFO  o.e.m.c.i.e.AbstractTransferListenerAdapter - Downloaded https://repo.maven.apache.org/maven2/org/glassfish/jaxb/codemodel/2.3.2/codemodel-2.3.2.pom
2020-01-29 10:49:12,507 [Worker-4: Building workspace] INFO  o.e.m.c.i.e.AbstractTransferListenerAdapter - Downloading https://repo.maven.apache.org/maven2/com/sun/xml/bind/mvn/jaxb-codemodel-parent/2.3.2/jaxb-codemodel-parent-2.3.2.pom
2020-01-29 10:49:12,590 [Worker-4: Building workspace] INFO  o.e.m.c.i.e.AbstractTransferListenerAdapter - Downloaded https://repo.maven.apache.org/maven2/com/sun/xml/bind/mvn/jaxb-codemodel-parent/2.3.2/jaxb-codemodel-parent-2.3.2.pom
2020-01-29 10:49:12,624 [Worker-4: Building workspace] INFO  o.e.m.c.i.e.AbstractTransferListenerAdapter - Downloading https://repo.maven.apache.org/maven2/com/sun/xml/bind/external/rngom/2.3.2/rngom-2.3.2.pom
2020-01-29 10:49:12,654 [Worker-4: Building workspace] INFO  o.e.m.c.i.e.AbstractTransferListenerAdapter - Downloaded https://repo.maven.apache.org/maven2/com/sun/xml/bind/external/rngom/2.3.2/rngom-2.3.2.pom
2020-01-29 10:49:12,685 [Worker-4: Building workspace] INFO  o.e.m.c.i.e.AbstractTransferListenerAdapter - Downloading https://repo.maven.apache.org/maven2/com/sun/xml/dtd-parser/dtd-parser/1.4.1/dtd-parser-1.4.1.pom
2020-01-29 10:49:12,713 [Worker-4: Building workspace] INFO  o.e.m.c.i.e.AbstractTransferListenerAdapter - Downloaded https://repo.maven.apache.org/maven2/com/sun/xml/dtd-parser/dtd-parser/1.4.1/dtd-parser-1.4.1.pom
2020-01-29 10:49:12,761 [Worker-4: Building workspace] INFO  o.e.m.c.i.e.AbstractTransferListenerAdapter - Downloading https://repo.maven.apache.org/maven2/com/sun/istack/istack-commons-tools/3.0.8/istack-commons-tools-3.0.8.pom
2020-01-29 10:49:12,790 [Worker-4: Building workspace] INFO  o.e.m.c.i.e.AbstractTransferListenerAdapter - Downloaded https://repo.maven.apache.org/maven2/com/sun/istack/istack-commons-tools/3.0.8/istack-commons-tools-3.0.8.pom
2020-01-29 10:49:12,820 [Worker-4: Building workspace] INFO  o.e.m.c.i.e.AbstractTransferListenerAdapter - Downloading https://repo.maven.apache.org/maven2/org/apache/ant/ant/1.10.6/ant-1.10.6.pom
2020-01-29 10:49:12,836 [Worker-11: Download sources and javadoc] INFO  o.e.m.c.i.e.AbstractTransferListenerAdapter - Downloading https://repo.maven.apache.org/maven2/org/apache/cxf/cxf-spring-boot-starter-jaxws/3.3.4/cxf-spring-boot-starter-jaxws-3.3.4-sources.jar
2020-01-29 10:49:12,927 [Worker-4: Building workspace] INFO  o.e.m.c.i.e.AbstractTransferListenerAdapter - Downloaded https://repo.maven.apache.org/maven2/org/apache/ant/ant/1.10.6/ant-1.10.6.pom
2020-01-29 10:49:12,959 [Worker-4: Building workspace] INFO  o.e.m.c.i.e.AbstractTransferListenerAdapter - Downloading https://repo.maven.apache.org/maven2/org/apache/ant/ant-parent/1.10.6/ant-parent-1.10.6.pom
2020-01-29 10:49:12,970 [Worker-11: Download sources and javadoc] INFO  o.e.m.c.i.e.AbstractTransferListenerAdapter - Downloaded https://repo.maven.apache.org/maven2/org/apache/cxf/cxf-spring-boot-starter-jaxws/3.3.4/cxf-spring-boot-starter-jaxws-3.3.4-sources.jar
2020-01-29 10:49:12,987 [Worker-4: Building workspace] INFO  o.e.m.c.i.e.AbstractTransferListenerAdapter - Downloaded https://repo.maven.apache.org/maven2/org/apache/ant/ant-parent/1.10.6/ant-parent-1.10.6.pom
2020-01-29 10:49:13,083 [Worker-11: Download sources and javadoc] INFO  o.e.m.j.internal.DownloadSourcesJob - Downloaded sources for org.apache.cxf:cxf-spring-boot-starter-jaxws:3.3.4
2020-01-29 10:49:13,094 [Worker-4: Building workspace] INFO  o.e.m.c.i.e.AbstractTransferListenerAdapter - Downloading https://repo.maven.apache.org/maven2/org/apache/ant/ant-launcher/1.10.6/ant-launcher-1.10.6.pom
2020-01-29 10:49:13,122 [Worker-4: Building workspace] INFO  o.e.m.c.i.e.AbstractTransferListenerAdapter - Downloaded https://repo.maven.apache.org/maven2/org/apache/ant/ant-launcher/1.10.6/ant-launcher-1.10.6.pom
2020-01-29 10:49:13,151 [Worker-4: Building workspace] INFO  o.e.m.c.i.e.AbstractTransferListenerAdapter - Downloading https://repo.maven.apache.org/maven2/org/apache/cxf/cxf-tools-wsdlto-core/3.3.5/cxf-tools-wsdlto-core-3.3.5.pom
2020-01-29 10:49:13,178 [Worker-4: Building workspace] INFO  o.e.m.c.i.e.AbstractTransferListenerAdapter - Downloaded https://repo.maven.apache.org/maven2/org/apache/cxf/cxf-tools-wsdlto-core/3.3.5/cxf-tools-wsdlto-core-3.3.5.pom
2020-01-29 10:49:13,181 [Worker-11: Download sources and javadoc] INFO  o.e.m.c.i.e.AbstractTransferListenerAdapter - Downloading https://repo.maven.apache.org/maven2/org/apache/cxf/cxf-spring-boot-autoconfigure/3.3.4/cxf-spring-boot-autoconfigure-3.3.4-sources.jar
2020-01-29 10:49:13,217 [Worker-4: Building workspace] INFO  o.e.m.c.i.e.AbstractTransferListenerAdapter - Downloading https://repo.maven.apache.org/maven2/org/apache/cxf/cxf-tools-validator/3.3.5/cxf-tools-validator-3.3.5.pom
2020-01-29 10:49:13,360 [Worker-4: Building workspace] INFO  o.e.m.c.i.e.AbstractTransferListenerAdapter - Downloaded https://repo.maven.apache.org/maven2/org/apache/cxf/cxf-tools-validator/3.3.5/cxf-tools-validator-3.3.5.pom
2020-01-29 10:49:13,391 [Worker-11: Download sources and javadoc] INFO  o.e.m.c.i.e.AbstractTransferListenerAdapter - Downloaded https://repo.maven.apache.org/maven2/org/apache/cxf/cxf-spring-boot-autoconfigure/3.3.4/cxf-spring-boot-autoconfigure-3.3.4-sources.jar
2020-01-29 10:49:13,395 [Worker-4: Building workspace] INFO  o.e.m.c.i.e.AbstractTransferListenerAdapter - Downloading https://repo.maven.apache.org/maven2/org/apache/cxf/cxf-rt-bindings-soap/3.3.5/cxf-rt-bindings-soap-3.3.5.pom
2020-01-29 10:49:13,422 [Worker-4: Building workspace] INFO  o.e.m.c.i.e.AbstractTransferListenerAdapter - Downloaded https://repo.maven.apache.org/maven2/org/apache/cxf/cxf-rt-bindings-soap/3.3.5/cxf-rt-bindings-soap-3.3.5.pom
2020-01-29 10:49:13,534 [Worker-11: Download sources and javadoc] INFO  o.e.m.j.internal.DownloadSourcesJob - Downloaded sources for org.apache.cxf:cxf-spring-boot-autoconfigure:3.3.4
2020-01-29 10:49:13,548 [Worker-4: Building workspace] INFO  o.e.m.c.i.e.AbstractTransferListenerAdapter - Downloading https://repo.maven.apache.org/maven2/org/apache/cxf/cxf-rt-wsdl/3.3.5/cxf-rt-wsdl-3.3.5.pom
2020-01-29 10:49:13,578 [Worker-4: Building workspace] INFO  o.e.m.c.i.e.AbstractTransferListenerAdapter - Downloaded https://repo.maven.apache.org/maven2/org/apache/cxf/cxf-rt-wsdl/3.3.5/cxf-rt-wsdl-3.3.5.pom
2020-01-29 10:49:13,633 [Worker-11: Download sources and javadoc] INFO  o.e.m.c.i.e.AbstractTransferListenerAdapter - Downloading https://repo.maven.apache.org/maven2/org/apache/cxf/cxf-rt-transports-http/3.3.4/cxf-rt-transports-http-3.3.4-sources.jar
2020-01-29 10:49:13,640 [Worker-4: Building workspace] INFO  o.e.m.c.i.e.AbstractTransferListenerAdapter - Downloading https://repo.maven.apache.org/maven2/org/apache/cxf/cxf-rt-databinding-jaxb/3.3.5/cxf-rt-databinding-jaxb-3.3.5.pom
2020-01-29 10:49:13,692 [Worker-4: Building workspace] INFO  o.e.m.c.i.e.AbstractTransferListenerAdapter - Downloaded https://repo.maven.apache.org/maven2/org/apache/cxf/cxf-rt-databinding-jaxb/3.3.5/cxf-rt-databinding-jaxb-3.3.5.pom
2020-01-29 10:49:13,715 [Worker-11: Download sources and javadoc] INFO  o.e.m.c.i.e.AbstractTransferListenerAdapter - Downloaded https://repo.maven.apache.org/maven2/org/apache/cxf/cxf-rt-transports-http/3.3.4/cxf-rt-transports-http-3.3.4-sources.jar
2020-01-29 10:49:13,723 [Worker-4: Building workspace] INFO  o.e.m.c.i.e.AbstractTransferListenerAdapter - Downloading https://repo.maven.apache.org/maven2/org/apache/cxf/cxf-tools-wsdlto-databinding-jaxb/3.3.5/cxf-tools-wsdlto-databinding-jaxb-3.3.5.pom
2020-01-29 10:49:13,751 [Worker-4: Building workspace] INFO  o.e.m.c.i.e.AbstractTransferListenerAdapter - Downloaded https://repo.maven.apache.org/maven2/org/apache/cxf/cxf-tools-wsdlto-databinding-jaxb/3.3.5/cxf-tools-wsdlto-databinding-jaxb-3.3.5.pom
2020-01-29 10:49:13,800 [Worker-11: Download sources and javadoc] INFO  o.e.m.j.internal.DownloadSourcesJob - Downloaded sources for org.apache.cxf:cxf-rt-transports-http:3.3.4
2020-01-29 10:49:13,813 [Worker-4: Building workspace] INFO  o.e.m.c.i.e.AbstractTransferListenerAdapter - Downloading https://repo.maven.apache.org/maven2/org/apache/cxf/cxf-tools-wsdlto-frontend-jaxws/3.3.5/cxf-tools-wsdlto-frontend-jaxws-3.3.5.pom
2020-01-29 10:49:13,843 [Worker-4: Building workspace] INFO  o.e.m.c.i.e.AbstractTransferListenerAdapter - Downloaded https://repo.maven.apache.org/maven2/org/apache/cxf/cxf-tools-wsdlto-frontend-jaxws/3.3.5/cxf-tools-wsdlto-frontend-jaxws-3.3.5.pom
2020-01-29 10:49:13,874 [Worker-4: Building workspace] INFO  o.e.m.c.i.e.AbstractTransferListenerAdapter - Downloading https://repo.maven.apache.org/maven2/org/apache/commons/commons-text/1.8/commons-text-1.8.pom
2020-01-29 10:49:13,900 [Worker-11: Download sources and javadoc] INFO  o.e.m.c.i.e.AbstractTransferListenerAdapter - Downloading https://repo.maven.apache.org/maven2/org/apache/cxf/cxf-core/3.3.4/cxf-core-3.3.4-sources.jar
2020-01-29 10:49:13,902 [Worker-4: Building workspace] INFO  o.e.m.c.i.e.AbstractTransferListenerAdapter - Downloaded https://repo.maven.apache.org/maven2/org/apache/commons/commons-text/1.8/commons-text-1.8.pom
2020-01-29 10:49:13,945 [Worker-4: Building workspace] INFO  o.e.m.c.i.e.AbstractTransferListenerAdapter - Downloading https://repo.maven.apache.org/maven2/org/apache/cxf/cxf-tools-wsdlto-frontend-javascript/3.3.5/cxf-tools-wsdlto-frontend-javascript-3.3.5.pom
2020-01-29 10:49:13,975 [Worker-4: Building workspace] INFO  o.e.m.c.i.e.AbstractTransferListenerAdapter - Downloaded https://repo.maven.apache.org/maven2/org/apache/cxf/cxf-tools-wsdlto-frontend-javascript/3.3.5/cxf-tools-wsdlto-frontend-javascript-3.3.5.pom
2020-01-29 10:49:14,009 [Worker-4: Building workspace] INFO  o.e.m.c.i.e.AbstractTransferListenerAdapter - Downloading https://repo.maven.apache.org/maven2/org/apache/cxf/cxf-rt-javascript/3.3.5/cxf-rt-javascript-3.3.5.pom
2020-01-29 10:49:14,024 [Worker-11: Download sources and javadoc] INFO  o.e.m.c.i.e.AbstractTransferListenerAdapter - Downloaded https://repo.maven.apache.org/maven2/org/apache/cxf/cxf-core/3.3.4/cxf-core-3.3.4-sources.jar
2020-01-29 10:49:14,035 [Worker-4: Building workspace] INFO  o.e.m.c.i.e.AbstractTransferListenerAdapter - Downloaded https://repo.maven.apache.org/maven2/org/apache/cxf/cxf-rt-javascript/3.3.5/cxf-rt-javascript-3.3.5.pom
2020-01-29 10:49:14,185 [Worker-11: Download sources and javadoc] INFO  o.e.m.j.internal.DownloadSourcesJob - Downloaded sources for org.apache.cxf:cxf-core:3.3.4
2020-01-29 10:49:14,195 [Worker-4: Building workspace] INFO  o.e.m.c.i.e.AbstractTransferListenerAdapter - Downloading https://repo.maven.apache.org/maven2/org/apache/cxf/cxf-runtime-javascript/3.3.5/cxf-runtime-javascript-3.3.5.pom
2020-01-29 10:49:14,226 [Worker-4: Building workspace] INFO  o.e.m.c.i.e.AbstractTransferListenerAdapter - Downloaded https://repo.maven.apache.org/maven2/org/apache/cxf/cxf-runtime-javascript/3.3.5/cxf-runtime-javascript-3.3.5.pom
2020-01-29 10:49:14,258 [Worker-4: Building workspace] INFO  o.e.m.c.i.e.AbstractTransferListenerAdapter - Downloading https://repo.maven.apache.org/maven2/org/springframework/spring-core/5.1.12.RELEASE/spring-core-5.1.12.RELEASE.pom
2020-01-29 10:49:14,290 [Worker-4: Building workspace] INFO  o.e.m.c.i.e.AbstractTransferListenerAdapter - Downloaded https://repo.maven.apache.org/maven2/org/springframework/spring-core/5.1.12.RELEASE/spring-core-5.1.12.RELEASE.pom
2020-01-29 10:49:14,293 [Worker-11: Download sources and javadoc] INFO  o.e.m.c.i.e.AbstractTransferListenerAdapter - Downloading https://repo.maven.apache.org/maven2/org/glassfish/jaxb/jaxb-runtime/2.3.2/jaxb-runtime-2.3.2-sources.jar
2020-01-29 10:49:14,324 [Worker-4: Building workspace] INFO  o.e.m.c.i.e.AbstractTransferListenerAdapter - Downloading https://repo.maven.apache.org/maven2/org/springframework/spring-jcl/5.1.12.RELEASE/spring-jcl-5.1.12.RELEASE.pom
2020-01-29 10:49:14,351 [Worker-4: Building workspace] INFO  o.e.m.c.i.e.AbstractTransferListenerAdapter - Downloaded https://repo.maven.apache.org/maven2/org/springframework/spring-jcl/5.1.12.RELEASE/spring-jcl-5.1.12.RELEASE.pom
2020-01-29 10:49:14,378 [Worker-4: Building workspace] INFO  o.e.m.c.i.e.AbstractTransferListenerAdapter - Downloading https://repo.maven.apache.org/maven2/org/springframework/spring-beans/5.1.12.RELEASE/spring-beans-5.1.12.RELEASE.pom
2020-01-29 10:49:14,407 [Worker-4: Building workspace] INFO  o.e.m.c.i.e.AbstractTransferListenerAdapter - Downloaded https://repo.maven.apache.org/maven2/org/springframework/spring-beans/5.1.12.RELEASE/spring-beans-5.1.12.RELEASE.pom
2020-01-29 10:49:14,432 [Worker-11: Download sources and javadoc] INFO  o.e.m.c.i.e.AbstractTransferListenerAdapter - Downloaded https://repo.maven.apache.org/maven2/org/glassfish/jaxb/jaxb-runtime/2.3.2/jaxb-runtime-2.3.2-sources.jar
2020-01-29 10:49:14,434 [Worker-4: Building workspace] INFO  o.e.m.c.i.e.AbstractTransferListenerAdapter - Downloading https://repo.maven.apache.org/maven2/org/springframework/spring-context/5.1.12.RELEASE/spring-context-5.1.12.RELEASE.pom
2020-01-29 10:49:14,472 [Worker-4: Building workspace] INFO  o.e.m.c.i.e.AbstractTransferListenerAdapter - Downloaded https://repo.maven.apache.org/maven2/org/springframework/spring-context/5.1.12.RELEASE/spring-context-5.1.12.RELEASE.pom
2020-01-29 10:49:14,537 [Worker-11: Download sources and javadoc] INFO  o.e.m.j.internal.DownloadSourcesJob - Downloaded sources for org.glassfish.jaxb:jaxb-runtime:2.3.2
2020-01-29 10:49:14,546 [Worker-4: Building workspace] INFO  o.e.m.c.i.e.AbstractTransferListenerAdapter - Downloading https://repo.maven.apache.org/maven2/org/springframework/spring-aop/5.1.12.RELEASE/spring-aop-5.1.12.RELEASE.pom
2020-01-29 10:49:14,572 [Worker-4: Building workspace] INFO  o.e.m.c.i.e.AbstractTransferListenerAdapter - Downloaded https://repo.maven.apache.org/maven2/org/springframework/spring-aop/5.1.12.RELEASE/spring-aop-5.1.12.RELEASE.pom
2020-01-29 10:49:14,597 [Worker-4: Building workspace] INFO  o.e.m.c.i.e.AbstractTransferListenerAdapter - Downloading https://repo.maven.apache.org/maven2/org/springframework/spring-expression/5.1.12.RELEASE/spring-expression-5.1.12.RELEASE.pom
2020-01-29 10:49:14,625 [Worker-4: Building workspace] INFO  o.e.m.c.i.e.AbstractTransferListenerAdapter - Downloaded https://repo.maven.apache.org/maven2/org/springframework/spring-expression/5.1.12.RELEASE/spring-expression-5.1.12.RELEASE.pom
2020-01-29 10:49:14,629 [Worker-11: Download sources and javadoc] INFO  o.e.m.c.i.e.AbstractTransferListenerAdapter - Downloading https://repo.maven.apache.org/maven2/org/glassfish/jaxb/txw2/2.3.2/txw2-2.3.2-sources.jar
2020-01-29 10:49:14,682 [Worker-11: Download sources and javadoc] INFO  o.e.m.c.i.e.AbstractTransferListenerAdapter - Downloaded https://repo.maven.apache.org/maven2/org/glassfish/jaxb/txw2/2.3.2/txw2-2.3.2-sources.jar
2020-01-29 10:49:14,711 [Worker-4: Building workspace] INFO  o.e.m.c.i.e.AbstractTransferListenerAdapter - Downloading https://repo.maven.apache.org/maven2/org/codehaus/plexus/plexus-archiver/4.2.0/plexus-archiver-4.2.0.jar
2020-01-29 10:49:14,765 [Worker-4: Building workspace] INFO  o.e.m.c.i.e.AbstractTransferListenerAdapter - Downloaded https://repo.maven.apache.org/maven2/org/codehaus/plexus/plexus-archiver/4.2.0/plexus-archiver-4.2.0.jar
2020-01-29 10:49:14,781 [Worker-4: Building workspace] INFO  o.e.m.c.i.e.AbstractTransferListenerAdapter - Downloading https://repo.maven.apache.org/maven2/org/codehaus/plexus/plexus-io/3.2.0/plexus-io-3.2.0.jar
2020-01-29 10:49:14,802 [Worker-11: Download sources and javadoc] INFO  o.e.m.j.internal.DownloadSourcesJob - Downloaded sources for org.glassfish.jaxb:txw2:2.3.2
2020-01-29 10:49:14,816 [Worker-4: Building workspace] INFO  o.e.m.c.i.e.AbstractTransferListenerAdapter - Downloaded https://repo.maven.apache.org/maven2/org/codehaus/plexus/plexus-io/3.2.0/plexus-io-3.2.0.jar
2020-01-29 10:49:14,829 [Worker-4: Building workspace] INFO  o.e.m.c.i.e.AbstractTransferListenerAdapter - Downloading https://repo.maven.apache.org/maven2/commons-io/commons-io/2.6/commons-io-2.6.jar
2020-01-29 10:49:14,877 [Worker-4: Building workspace] INFO  o.e.m.c.i.e.AbstractTransferListenerAdapter - Downloaded https://repo.maven.apache.org/maven2/commons-io/commons-io/2.6/commons-io-2.6.jar
2020-01-29 10:49:14,892 [Worker-4: Building workspace] INFO  o.e.m.c.i.e.AbstractTransferListenerAdapter - Downloading https://repo.maven.apache.org/maven2/org/apache/cxf/cxf-core/3.3.5/cxf-core-3.3.5.jar
2020-01-29 10:49:14,898 [Worker-11: Download sources and javadoc] INFO  o.e.m.c.i.e.AbstractTransferListenerAdapter - Downloading https://repo.maven.apache.org/maven2/com/sun/istack/istack-commons-runtime/3.0.8/istack-commons-runtime-3.0.8-sources.jar
2020-01-29 10:49:15,028 [Worker-4: Building workspace] INFO  o.e.m.c.i.e.AbstractTransferListenerAdapter - Downloaded https://repo.maven.apache.org/maven2/org/apache/cxf/cxf-core/3.3.5/cxf-core-3.3.5.jar
2020-01-29 10:49:15,041 [Worker-4: Building workspace] INFO  o.e.m.c.i.e.AbstractTransferListenerAdapter - Downloading https://repo.maven.apache.org/maven2/org/apache/ws/xmlschema/xmlschema-core/2.2.5/xmlschema-core-2.2.5.jar
2020-01-29 10:49:15,059 [Worker-11: Download sources and javadoc] INFO  o.e.m.c.i.e.AbstractTransferListenerAdapter - Downloaded https://repo.maven.apache.org/maven2/com/sun/istack/istack-commons-runtime/3.0.8/istack-commons-runtime-3.0.8-sources.jar
2020-01-29 10:49:15,080 [Worker-4: Building workspace] INFO  o.e.m.c.i.e.AbstractTransferListenerAdapter - Downloaded https://repo.maven.apache.org/maven2/org/apache/ws/xmlschema/xmlschema-core/2.2.5/xmlschema-core-2.2.5.jar
2020-01-29 10:49:15,093 [Worker-4: Building workspace] INFO  o.e.m.c.i.e.AbstractTransferListenerAdapter - Downloading https://repo.maven.apache.org/maven2/org/apache/cxf/cxf-tools-common/3.3.5/cxf-tools-common-3.3.5.jar
2020-01-29 10:49:15,132 [Worker-4: Building workspace] INFO  o.e.m.c.i.e.AbstractTransferListenerAdapter - Downloaded https://repo.maven.apache.org/maven2/org/apache/cxf/cxf-tools-common/3.3.5/cxf-tools-common-3.3.5.jar
2020-01-29 10:49:15,147 [Worker-4: Building workspace] INFO  o.e.m.c.i.e.AbstractTransferListenerAdapter - Downloading https://repo.maven.apache.org/maven2/org/apache/velocity/velocity-engine-core/2.1/velocity-engine-core-2.1.jar
2020-01-29 10:49:15,172 [Worker-11: Download sources and javadoc] INFO  o.e.m.j.internal.DownloadSourcesJob - Downloaded sources for com.sun.istack:istack-commons-runtime:3.0.8
2020-01-29 10:49:15,210 [Worker-4: Building workspace] INFO  o.e.m.c.i.e.AbstractTransferListenerAdapter - Downloaded https://repo.maven.apache.org/maven2/org/apache/velocity/velocity-engine-core/2.1/velocity-engine-core-2.1.jar
2020-01-29 10:49:15,223 [Worker-4: Building workspace] INFO  o.e.m.c.i.e.AbstractTransferListenerAdapter - Downloading https://repo.maven.apache.org/maven2/org/slf4j/slf4j-api/1.7.29/slf4j-api-1.7.29.jar
2020-01-29 10:49:15,283 [Worker-11: Download sources and javadoc] INFO  o.e.m.c.i.e.AbstractTransferListenerAdapter - Downloading https://repo.maven.apache.org/maven2/org/jvnet/staxex/stax-ex/1.8.1/stax-ex-1.8.1-sources.jar
2020-01-29 10:49:15,397 [Worker-4: Building workspace] INFO  o.e.m.c.i.e.AbstractTransferListenerAdapter - Downloaded https://repo.maven.apache.org/maven2/org/slf4j/slf4j-api/1.7.29/slf4j-api-1.7.29.jar
2020-01-29 10:49:15,413 [Worker-4: Building workspace] INFO  o.e.m.c.i.e.AbstractTransferListenerAdapter - Downloading https://repo.maven.apache.org/maven2/org/glassfish/jaxb/jaxb-xjc/2.3.2/jaxb-xjc-2.3.2.jar
2020-01-29 10:49:15,431 [Worker-11: Download sources and javadoc] INFO  o.e.m.c.i.e.AbstractTransferListenerAdapter - Downloaded https://repo.maven.apache.org/maven2/org/jvnet/staxex/stax-ex/1.8.1/stax-ex-1.8.1-sources.jar
2020-01-29 10:49:15,497 [Worker-4: Building workspace] INFO  o.e.m.c.i.e.AbstractTransferListenerAdapter - Downloaded https://repo.maven.apache.org/maven2/org/glassfish/jaxb/jaxb-xjc/2.3.2/jaxb-xjc-2.3.2.jar
2020-01-29 10:49:15,510 [Worker-4: Building workspace] INFO  o.e.m.c.i.e.AbstractTransferListenerAdapter - Downloading https://repo.maven.apache.org/maven2/org/glassfish/jaxb/xsom/2.3.2/xsom-2.3.2.jar
2020-01-29 10:49:15,526 [Worker-11: Download sources and javadoc] INFO  o.e.m.j.internal.DownloadSourcesJob - Downloaded sources for org.jvnet.staxex:stax-ex:1.8.1
2020-01-29 10:49:15,558 [Worker-4: Building workspace] INFO  o.e.m.c.i.e.AbstractTransferListenerAdapter - Downloaded https://repo.maven.apache.org/maven2/org/glassfish/jaxb/xsom/2.3.2/xsom-2.3.2.jar
2020-01-29 10:49:15,570 [Worker-4: Building workspace] INFO  o.e.m.c.i.e.AbstractTransferListenerAdapter - Downloading https://repo.maven.apache.org/maven2/org/glassfish/jaxb/codemodel/2.3.2/codemodel-2.3.2.jar
2020-01-29 10:49:15,606 [Worker-4: Building workspace] INFO  o.e.m.c.i.e.AbstractTransferListenerAdapter - Downloaded https://repo.maven.apache.org/maven2/org/glassfish/jaxb/codemodel/2.3.2/codemodel-2.3.2.jar
2020-01-29 10:49:15,619 [Worker-4: Building workspace] INFO  o.e.m.c.i.e.AbstractTransferListenerAdapter - Downloading https://repo.maven.apache.org/maven2/com/sun/xml/bind/external/rngom/2.3.2/rngom-2.3.2.jar
2020-01-29 10:49:15,624 [Worker-11: Download sources and javadoc] INFO  o.e.m.c.i.e.AbstractTransferListenerAdapter - Downloading https://repo.maven.apache.org/maven2/com/sun/xml/fastinfoset/FastInfoset/1.2.16/FastInfoset-1.2.16-sources.jar
2020-01-29 10:49:15,667 [Worker-4: Building workspace] INFO  o.e.m.c.i.e.AbstractTransferListenerAdapter - Downloaded https://repo.maven.apache.org/maven2/com/sun/xml/bind/external/rngom/2.3.2/rngom-2.3.2.jar
2020-01-29 10:49:15,680 [Worker-4: Building workspace] INFO  o.e.m.c.i.e.AbstractTransferListenerAdapter - Downloading https://repo.maven.apache.org/maven2/com/sun/xml/dtd-parser/dtd-parser/1.4.1/dtd-parser-1.4.1.jar
2020-01-29 10:49:15,699 [Worker-11: Download sources and javadoc] INFO  o.e.m.c.i.e.AbstractTransferListenerAdapter - Downloaded https://repo.maven.apache.org/maven2/com/sun/xml/fastinfoset/FastInfoset/1.2.16/FastInfoset-1.2.16-sources.jar
2020-01-29 10:49:15,712 [Worker-4: Building workspace] INFO  o.e.m.c.i.e.AbstractTransferListenerAdapter - Downloaded https://repo.maven.apache.org/maven2/com/sun/xml/dtd-parser/dtd-parser/1.4.1/dtd-parser-1.4.1.jar
2020-01-29 10:49:15,725 [Worker-4: Building workspace] INFO  o.e.m.c.i.e.AbstractTransferListenerAdapter - Downloading https://repo.maven.apache.org/maven2/com/sun/istack/istack-commons-tools/3.0.8/istack-commons-tools-3.0.8.jar
2020-01-29 10:49:15,802 [Worker-11: Download sources and javadoc] INFO  o.e.m.j.internal.DownloadSourcesJob - Downloaded sources for com.sun.xml.fastinfoset:FastInfoset:1.2.16
2020-01-29 10:49:15,869 [Worker-4: Building workspace] INFO  o.e.m.c.i.e.AbstractTransferListenerAdapter - Downloaded https://repo.maven.apache.org/maven2/com/sun/istack/istack-commons-tools/3.0.8/istack-commons-tools-3.0.8.jar
2020-01-29 10:49:15,882 [Worker-4: Building workspace] INFO  o.e.m.c.i.e.AbstractTransferListenerAdapter - Downloading https://repo.maven.apache.org/maven2/com/sun/xml/bind/external/relaxng-datatype/2.3.2/relaxng-datatype-2.3.2.jar
2020-01-29 10:49:15,886 [Worker-11: Download sources and javadoc] INFO  o.e.m.c.i.e.AbstractTransferListenerAdapter - Downloading https://repo.maven.apache.org/maven2/org/apache/ws/xmlschema/xmlschema-core/2.2.4/xmlschema-core-2.2.4-sources.jar
2020-01-29 10:49:15,937 [Worker-11: Download sources and javadoc] INFO  o.e.m.c.i.e.AbstractTransferListenerAdapter - Downloaded https://repo.maven.apache.org/maven2/org/apache/ws/xmlschema/xmlschema-core/2.2.4/xmlschema-core-2.2.4-sources.jar
2020-01-29 10:49:16,006 [Worker-4: Building workspace] INFO  o.e.m.c.i.e.AbstractTransferListenerAdapter - Downloaded https://repo.maven.apache.org/maven2/com/sun/xml/bind/external/relaxng-datatype/2.3.2/relaxng-datatype-2.3.2.jar
2020-01-29 10:49:16,021 [Worker-4: Building workspace] INFO  o.e.m.c.i.e.AbstractTransferListenerAdapter - Downloading https://repo.maven.apache.org/maven2/org/apache/cxf/cxf-tools-wsdlto-core/3.3.5/cxf-tools-wsdlto-core-3.3.5.jar
2020-01-29 10:49:16,036 [Worker-11: Download sources and javadoc] INFO  o.e.m.j.internal.DownloadSourcesJob - Downloaded sources for org.apache.ws.xmlschema:xmlschema-core:2.2.4
2020-01-29 10:49:16,054 [Worker-4: Building workspace] INFO  o.e.m.c.i.e.AbstractTransferListenerAdapter - Downloaded https://repo.maven.apache.org/maven2/org/apache/cxf/cxf-tools-wsdlto-core/3.3.5/cxf-tools-wsdlto-core-3.3.5.jar
2020-01-29 10:49:16,067 [Worker-4: Building workspace] INFO  o.e.m.c.i.e.AbstractTransferListenerAdapter - Downloading https://repo.maven.apache.org/maven2/org/apache/cxf/cxf-tools-validator/3.3.5/cxf-tools-validator-3.3.5.jar
2020-01-29 10:49:16,099 [Worker-4: Building workspace] INFO  o.e.m.c.i.e.AbstractTransferListenerAdapter - Downloaded https://repo.maven.apache.org/maven2/org/apache/cxf/cxf-tools-validator/3.3.5/cxf-tools-validator-3.3.5.jar
2020-01-29 10:49:16,112 [Worker-4: Building workspace] INFO  o.e.m.c.i.e.AbstractTransferListenerAdapter - Downloading https://repo.maven.apache.org/maven2/org/apache/cxf/cxf-rt-bindings-soap/3.3.5/cxf-rt-bindings-soap-3.3.5.jar
2020-01-29 10:49:16,137 [Worker-11: Download sources and javadoc] INFO  o.e.m.c.i.e.AbstractTransferListenerAdapter - Downloading https://repo.maven.apache.org/maven2/org/apache/cxf/cxf-rt-frontend-jaxws/3.3.4/cxf-rt-frontend-jaxws-3.3.4-sources.jar
2020-01-29 10:49:16,154 [Worker-4: Building workspace] INFO  o.e.m.c.i.e.AbstractTransferListenerAdapter - Downloaded https://repo.maven.apache.org/maven2/org/apache/cxf/cxf-rt-bindings-soap/3.3.5/cxf-rt-bindings-soap-3.3.5.jar
2020-01-29 10:49:16,167 [Worker-4: Building workspace] INFO  o.e.m.c.i.e.AbstractTransferListenerAdapter - Downloading https://repo.maven.apache.org/maven2/org/apache/cxf/cxf-rt-databinding-jaxb/3.3.5/cxf-rt-databinding-jaxb-3.3.5.jar
2020-01-29 10:49:16,209 [Worker-4: Building workspace] INFO  o.e.m.c.i.e.AbstractTransferListenerAdapter - Downloaded https://repo.maven.apache.org/maven2/org/apache/cxf/cxf-rt-databinding-jaxb/3.3.5/cxf-rt-databinding-jaxb-3.3.5.jar
2020-01-29 10:49:16,211 [Worker-11: Download sources and javadoc] INFO  o.e.m.c.i.e.AbstractTransferListenerAdapter - Downloaded https://repo.maven.apache.org/maven2/org/apache/cxf/cxf-rt-frontend-jaxws/3.3.4/cxf-rt-frontend-jaxws-3.3.4-sources.jar
2020-01-29 10:49:16,222 [Worker-4: Building workspace] INFO  o.e.m.c.i.e.AbstractTransferListenerAdapter - Downloading https://repo.maven.apache.org/maven2/org/apache/cxf/cxf-rt-wsdl/3.3.5/cxf-rt-wsdl-3.3.5.jar
2020-01-29 10:49:16,258 [Worker-4: Building workspace] INFO  o.e.m.c.i.e.AbstractTransferListenerAdapter - Downloaded https://repo.maven.apache.org/maven2/org/apache/cxf/cxf-rt-wsdl/3.3.5/cxf-rt-wsdl-3.3.5.jar
2020-01-29 10:49:16,272 [Worker-4: Building workspace] INFO  o.e.m.c.i.e.AbstractTransferListenerAdapter - Downloading https://repo.maven.apache.org/maven2/org/apache/cxf/cxf-tools-wsdlto-databinding-jaxb/3.3.5/cxf-tools-wsdlto-databinding-jaxb-3.3.5.jar
2020-01-29 10:49:16,304 [Worker-11: Download sources and javadoc] INFO  o.e.m.j.internal.DownloadSourcesJob - Downloaded sources for org.apache.cxf:cxf-rt-frontend-jaxws:3.3.4
2020-01-29 10:49:16,404 [Worker-11: Download sources and javadoc] INFO  o.e.m.c.i.e.AbstractTransferListenerAdapter - Downloading https://repo.maven.apache.org/maven2/org/ow2/asm/asm/7.1/asm-7.1-sources.jar
2020-01-29 10:49:16,452 [Worker-4: Building workspace] INFO  o.e.m.c.i.e.AbstractTransferListenerAdapter - Downloaded https://repo.maven.apache.org/maven2/org/apache/cxf/cxf-tools-wsdlto-databinding-jaxb/3.3.5/cxf-tools-wsdlto-databinding-jaxb-3.3.5.jar
2020-01-29 10:49:16,465 [Worker-4: Building workspace] INFO  o.e.m.c.i.e.AbstractTransferListenerAdapter - Downloading https://repo.maven.apache.org/maven2/org/apache/cxf/cxf-tools-wsdlto-frontend-jaxws/3.3.5/cxf-tools-wsdlto-frontend-jaxws-3.3.5.jar
2020-01-29 10:49:16,472 [Worker-11: Download sources and javadoc] INFO  o.e.m.c.i.e.AbstractTransferListenerAdapter - Downloaded https://repo.maven.apache.org/maven2/org/ow2/asm/asm/7.1/asm-7.1-sources.jar
2020-01-29 10:49:16,503 [Worker-4: Building workspace] INFO  o.e.m.c.i.e.AbstractTransferListenerAdapter - Downloaded https://repo.maven.apache.org/maven2/org/apache/cxf/cxf-tools-wsdlto-frontend-jaxws/3.3.5/cxf-tools-wsdlto-frontend-jaxws-3.3.5.jar
2020-01-29 10:49:16,516 [Worker-4: Building workspace] INFO  o.e.m.c.i.e.AbstractTransferListenerAdapter - Downloading https://repo.maven.apache.org/maven2/org/apache/commons/commons-text/1.8/commons-text-1.8.jar
2020-01-29 10:49:16,568 [Worker-4: Building workspace] INFO  o.e.m.c.i.e.AbstractTransferListenerAdapter - Downloaded https://repo.maven.apache.org/maven2/org/apache/commons/commons-text/1.8/commons-text-1.8.jar
2020-01-29 10:49:16,577 [Worker-11: Download sources and javadoc] INFO  o.e.m.j.internal.DownloadSourcesJob - Downloaded sources for org.ow2.asm:asm:7.1
2020-01-29 10:49:16,582 [Worker-4: Building workspace] INFO  o.e.m.c.i.e.AbstractTransferListenerAdapter - Downloading https://repo.maven.apache.org/maven2/org/apache/cxf/cxf-tools-wsdlto-frontend-javascript/3.3.5/cxf-tools-wsdlto-frontend-javascript-3.3.5.jar
2020-01-29 10:49:16,694 [Worker-4: Building workspace] INFO  o.e.m.c.i.e.AbstractTransferListenerAdapter - Downloaded https://repo.maven.apache.org/maven2/org/apache/cxf/cxf-tools-wsdlto-frontend-javascript/3.3.5/cxf-tools-wsdlto-frontend-javascript-3.3.5.jar
2020-01-29 10:49:16,711 [Worker-4: Building workspace] INFO  o.e.m.c.i.e.AbstractTransferListenerAdapter - Downloading https://repo.maven.apache.org/maven2/org/apache/cxf/cxf-rt-javascript/3.3.5/cxf-rt-javascript-3.3.5.jar
2020-01-29 10:49:16,729 [Worker-11: Download sources and javadoc] INFO  o.e.m.c.i.e.AbstractTransferListenerAdapter - Downloading https://repo.maven.apache.org/maven2/org/apache/cxf/cxf-rt-bindings-soap/3.3.4/cxf-rt-bindings-soap-3.3.4-sources.jar
2020-01-29 10:49:16,748 [Worker-4: Building workspace] INFO  o.e.m.c.i.e.AbstractTransferListenerAdapter - Downloaded https://repo.maven.apache.org/maven2/org/apache/cxf/cxf-rt-javascript/3.3.5/cxf-rt-javascript-3.3.5.jar
2020-01-29 10:49:16,765 [Worker-4: Building workspace] INFO  o.e.m.c.i.e.AbstractTransferListenerAdapter - Downloading https://repo.maven.apache.org/maven2/org/springframework/spring-core/5.1.12.RELEASE/spring-core-5.1.12.RELEASE.jar
2020-01-29 10:49:16,808 [Worker-11: Download sources and javadoc] INFO  o.e.m.c.i.e.AbstractTransferListenerAdapter - Downloaded https://repo.maven.apache.org/maven2/org/apache/cxf/cxf-rt-bindings-soap/3.3.4/cxf-rt-bindings-soap-3.3.4-sources.jar
2020-01-29 10:49:16,855 [Worker-4: Building workspace] INFO  o.e.m.c.i.e.AbstractTransferListenerAdapter - Downloaded https://repo.maven.apache.org/maven2/org/springframework/spring-core/5.1.12.RELEASE/spring-core-5.1.12.RELEASE.jar
2020-01-29 10:49:16,868 [Worker-4: Building workspace] INFO  o.e.m.c.i.e.AbstractTransferListenerAdapter - Downloading https://repo.maven.apache.org/maven2/org/springframework/spring-jcl/5.1.12.RELEASE/spring-jcl-5.1.12.RELEASE.jar
2020-01-29 10:49:16,968 [Worker-11: Download sources and javadoc] INFO  o.e.m.j.internal.DownloadSourcesJob - Downloaded sources for org.apache.cxf:cxf-rt-bindings-soap:3.3.4
2020-01-29 10:49:16,984 [Worker-4: Building workspace] INFO  o.e.m.c.i.e.AbstractTransferListenerAdapter - Downloaded https://repo.maven.apache.org/maven2/org/springframework/spring-jcl/5.1.12.RELEASE/spring-jcl-5.1.12.RELEASE.jar
2020-01-29 10:49:16,998 [Worker-4: Building workspace] INFO  o.e.m.c.i.e.AbstractTransferListenerAdapter - Downloading https://repo.maven.apache.org/maven2/org/springframework/spring-beans/5.1.12.RELEASE/spring-beans-5.1.12.RELEASE.jar
2020-01-29 10:49:17,086 [Worker-4: Building workspace] INFO  o.e.m.c.i.e.AbstractTransferListenerAdapter - Downloaded https://repo.maven.apache.org/maven2/org/springframework/spring-beans/5.1.12.RELEASE/spring-beans-5.1.12.RELEASE.jar
2020-01-29 10:49:17,108 [Worker-4: Building workspace] INFO  o.e.m.c.i.e.AbstractTransferListenerAdapter - Downloading https://repo.maven.apache.org/maven2/org/springframework/spring-context/5.1.12.RELEASE/spring-context-5.1.12.RELEASE.jar
2020-01-29 10:49:17,115 [Worker-11: Download sources and javadoc] INFO  o.e.m.c.i.e.AbstractTransferListenerAdapter - Downloading https://repo.maven.apache.org/maven2/org/apache/cxf/cxf-rt-wsdl/3.3.4/cxf-rt-wsdl-3.3.4-sources.jar
2020-01-29 10:49:17,178 [Worker-4: Building workspace] INFO  o.e.m.c.i.e.AbstractTransferListenerAdapter - Downloaded https://repo.maven.apache.org/maven2/org/springframework/spring-context/5.1.12.RELEASE/spring-context-5.1.12.RELEASE.jar
2020-01-29 10:49:17,189 [Worker-11: Download sources and javadoc] INFO  o.e.m.c.i.e.AbstractTransferListenerAdapter - Downloaded https://repo.maven.apache.org/maven2/org/apache/cxf/cxf-rt-wsdl/3.3.4/cxf-rt-wsdl-3.3.4-sources.jar
2020-01-29 10:49:17,192 [Worker-4: Building workspace] INFO  o.e.m.c.i.e.AbstractTransferListenerAdapter - Downloading https://repo.maven.apache.org/maven2/org/springframework/spring-aop/5.1.12.RELEASE/spring-aop-5.1.12.RELEASE.jar
2020-01-29 10:49:17,231 [Worker-4: Building workspace] INFO  o.e.m.c.i.e.AbstractTransferListenerAdapter - Downloaded https://repo.maven.apache.org/maven2/org/springframework/spring-aop/5.1.12.RELEASE/spring-aop-5.1.12.RELEASE.jar
2020-01-29 10:49:17,245 [Worker-4: Building workspace] INFO  o.e.m.c.i.e.AbstractTransferListenerAdapter - Downloading https://repo.maven.apache.org/maven2/org/springframework/spring-expression/5.1.12.RELEASE/spring-expression-5.1.12.RELEASE.jar
2020-01-29 10:49:17,282 [Worker-4: Building workspace] INFO  o.e.m.c.i.e.AbstractTransferListenerAdapter - Downloaded https://repo.maven.apache.org/maven2/org/springframework/spring-expression/5.1.12.RELEASE/spring-expression-5.1.12.RELEASE.jar
2020-01-29 10:49:17,289 [Worker-11: Download sources and javadoc] INFO  o.e.m.j.internal.DownloadSourcesJob - Downloaded sources for org.apache.cxf:cxf-rt-wsdl:3.3.4
2020-01-29 10:49:17,308 [Worker-4: Building workspace] INFO  o.e.m.c.i.e.AbstractTransferListenerAdapter - Downloading https://repo.maven.apache.org/maven2/org/apache/ant/ant/1.10.6/ant-1.10.6.jar
2020-01-29 10:49:17,411 [Worker-4: Building workspace] INFO  o.e.m.c.i.e.AbstractTransferListenerAdapter - Downloaded https://repo.maven.apache.org/maven2/org/apache/ant/ant/1.10.6/ant-1.10.6.jar
2020-01-29 10:49:17,416 [Worker-11: Download sources and javadoc] INFO  o.e.m.c.i.e.AbstractTransferListenerAdapter - Downloading https://repo.maven.apache.org/maven2/org/apache/cxf/cxf-rt-databinding-jaxb/3.3.4/cxf-rt-databinding-jaxb-3.3.4-sources.jar
2020-01-29 10:49:17,424 [Worker-4: Building workspace] INFO  o.e.m.c.i.e.AbstractTransferListenerAdapter - Downloading https://repo.maven.apache.org/maven2/org/apache/ant/ant-launcher/1.10.6/ant-launcher-1.10.6.jar
2020-01-29 10:49:17,469 [Worker-11: Download sources and javadoc] INFO  o.e.m.c.i.e.AbstractTransferListenerAdapter - Downloaded https://repo.maven.apache.org/maven2/org/apache/cxf/cxf-rt-databinding-jaxb/3.3.4/cxf-rt-databinding-jaxb-3.3.4-sources.jar
2020-01-29 10:49:17,493 [Worker-4: Building workspace] INFO  o.e.m.c.i.e.AbstractTransferListenerAdapter - Downloaded https://repo.maven.apache.org/maven2/org/apache/ant/ant-launcher/1.10.6/ant-launcher-1.10.6.jar
2020-01-29 10:49:17,569 [Worker-11: Download sources and javadoc] INFO  o.e.m.j.internal.DownloadSourcesJob - Downloaded sources for org.apache.cxf:cxf-rt-databinding-jaxb:3.3.4
2020-01-29 10:49:17,701 [Worker-11: Download sources and javadoc] INFO  o.e.m.c.i.e.AbstractTransferListenerAdapter - Downloading https://repo.maven.apache.org/maven2/org/apache/cxf/cxf-rt-bindings-xml/3.3.4/cxf-rt-bindings-xml-3.3.4-sources.jar
2020-01-29 10:49:17,920 [Worker-11: Download sources and javadoc] INFO  o.e.m.c.i.e.AbstractTransferListenerAdapter - Downloaded https://repo.maven.apache.org/maven2/org/apache/cxf/cxf-rt-bindings-xml/3.3.4/cxf-rt-bindings-xml-3.3.4-sources.jar
2020-01-29 10:49:18,090 [Worker-11: Download sources and javadoc] INFO  o.e.m.j.internal.DownloadSourcesJob - Downloaded sources for org.apache.cxf:cxf-rt-bindings-xml:3.3.4
2020-01-29 10:49:18,189 [Worker-11: Download sources and javadoc] INFO  o.e.m.c.i.e.AbstractTransferListenerAdapter - Downloading https://repo.maven.apache.org/maven2/org/apache/cxf/cxf-rt-frontend-simple/3.3.4/cxf-rt-frontend-simple-3.3.4-sources.jar
2020-01-29 10:49:18,240 [Worker-11: Download sources and javadoc] INFO  o.e.m.c.i.e.AbstractTransferListenerAdapter - Downloaded https://repo.maven.apache.org/maven2/org/apache/cxf/cxf-rt-frontend-simple/3.3.4/cxf-rt-frontend-simple-3.3.4-sources.jar
2020-01-29 10:49:18,388 [Worker-11: Download sources and javadoc] INFO  o.e.m.j.internal.DownloadSourcesJob - Downloaded sources for org.apache.cxf:cxf-rt-frontend-simple:3.3.4
2020-01-29 10:49:18,507 [Worker-11: Download sources and javadoc] INFO  o.e.m.c.i.e.AbstractTransferListenerAdapter - Downloading https://repo.maven.apache.org/maven2/org/apache/cxf/cxf-rt-ws-addr/3.3.4/cxf-rt-ws-addr-3.3.4-sources.jar
2020-01-29 10:49:18,557 [Worker-11: Download sources and javadoc] INFO  o.e.m.c.i.e.AbstractTransferListenerAdapter - Downloaded https://repo.maven.apache.org/maven2/org/apache/cxf/cxf-rt-ws-addr/3.3.4/cxf-rt-ws-addr-3.3.4-sources.jar
2020-01-29 10:49:18,723 [Worker-11: Download sources and javadoc] INFO  o.e.m.j.internal.DownloadSourcesJob - Downloaded sources for org.apache.cxf:cxf-rt-ws-addr:3.3.4
2020-01-29 10:49:18,842 [Worker-11: Download sources and javadoc] INFO  o.e.m.c.i.e.AbstractTransferListenerAdapter - Downloading https://repo.maven.apache.org/maven2/org/apache/cxf/cxf-rt-ws-policy/3.3.4/cxf-rt-ws-policy-3.3.4-sources.jar
2020-01-29 10:49:18,910 [Worker-11: Download sources and javadoc] INFO  o.e.m.c.i.e.AbstractTransferListenerAdapter - Downloaded https://repo.maven.apache.org/maven2/org/apache/cxf/cxf-rt-ws-policy/3.3.4/cxf-rt-ws-policy-3.3.4-sources.jar
2020-01-29 10:49:19,218 [Worker-11: Download sources and javadoc] INFO  o.e.m.j.internal.DownloadSourcesJob - Downloaded sources for org.apache.cxf:cxf-rt-ws-policy:3.3.4
2020-01-29 10:49:19,316 [Worker-11: Download sources and javadoc] INFO  o.e.m.c.i.e.AbstractTransferListenerAdapter - Downloading https://repo.maven.apache.org/maven2/org/apache/neethi/neethi/3.1.1/neethi-3.1.1-sources.jar
2020-01-29 10:49:19,365 [Worker-11: Download sources and javadoc] INFO  o.e.m.c.i.e.AbstractTransferListenerAdapter - Downloaded https://repo.maven.apache.org/maven2/org/apache/neethi/neethi/3.1.1/neethi-3.1.1-sources.jar
2020-01-29 10:49:19,491 [Worker-11: Download sources and javadoc] INFO  o.e.m.j.internal.DownloadSourcesJob - Downloaded sources for org.apache.neethi:neethi:3.1.1
2020-01-29 10:49:21,432 [Worker-4: Building workspace] INFO  o.e.m.c.i.embedder.EclipseLogger - Using 'UTF-8' encoding to copy filtered resources.
2020-01-29 10:49:21,433 [Worker-4: Building workspace] INFO  o.e.m.c.i.embedder.EclipseLogger - Copying 1 resource
2020-01-29 10:49:21,440 [Worker-4: Building workspace] INFO  o.e.m.c.i.embedder.EclipseLogger - Copying 1 resource
2020-01-29 10:49:21,454 [Worker-4: Building workspace] INFO  o.e.m.c.i.embedder.EclipseLogger - Using 'UTF-8' encoding to copy filtered resources.
2020-01-29 10:49:21,454 [Worker-4: Building workspace] INFO  o.e.m.c.i.embedder.EclipseLogger - skip non existing resourceDirectory C:\Users\chiquillo5678\Documents\Workspace1\hellowebservice\src\test\resources
2020-01-29 10:49:21,687 [Worker-7: Updating Maven Dependencies] INFO  o.e.m.c.i.l.LifecycleMappingFactory - Using org.eclipse.m2e.jdt.JarLifecycleMapping lifecycle mapping for MavenProject: com.carloschiquillo.ws.soap:hellowebservice:0.0.1-SNAPSHOT @ C:\Users\chiquillo5678\Documents\Workspace1\hellowebservice\pom.xml.
2020-01-29 10:49:23,447 [Worker-0: Building workspace] INFO  o.e.m.c.i.embedder.EclipseLogger - Using 'UTF-8' encoding to copy filtered resources.
2020-01-29 10:49:23,448 [Worker-0: Building workspace] INFO  o.e.m.c.i.embedder.EclipseLogger - Copying 1 resource
2020-01-29 10:49:23,453 [Worker-0: Building workspace] INFO  o.e.m.c.i.embedder.EclipseLogger - Copying 1 resource
2020-01-29 10:49:23,458 [Worker-0: Building workspace] INFO  o.e.m.c.i.embedder.EclipseLogger - Using 'UTF-8' encoding to copy filtered resources.
2020-01-29 10:49:23,458 [Worker-0: Building workspace] INFO  o.e.m.c.i.embedder.EclipseLogger - skip non existing resourceDirectory C:\Users\chiquillo5678\Documents\Workspace1\hellowebservice\src\test\resources
2020-01-29 10:49:24,411 [Worker-0: Building workspace] INFO  o.e.m.c.i.embedder.EclipseLogger - Using 'UTF-8' encoding to copy filtered resources.
2020-01-29 10:49:24,412 [Worker-0: Building workspace] INFO  o.e.m.c.i.embedder.EclipseLogger - Copying 1 resource
2020-01-29 10:49:24,421 [Worker-0: Building workspace] INFO  o.e.m.c.i.embedder.EclipseLogger - Copying 1 resource
2020-01-29 10:49:24,424 [Worker-0: Building workspace] INFO  o.e.m.c.i.embedder.EclipseLogger - Using 'UTF-8' encoding to copy filtered resources.
2020-01-29 10:49:24,424 [Worker-0: Building workspace] INFO  o.e.m.c.i.embedder.EclipseLogger - skip non existing resourceDirectory C:\Users\chiquillo5678\Documents\Workspace1\wsdlfirstws\src\test\resources
2020-01-29 10:49:33,746 [Worker-11: Updating Maven Project] INFO  o.e.m.c.i.p.ProjectConfigurationManager - Update started
2020-01-29 10:49:34,113 [Worker-11: Updating Maven Project] INFO  o.e.m.c.i.l.LifecycleMappingFactory - Using org.eclipse.m2e.jdt.JarLifecycleMapping lifecycle mapping for MavenProject: com.carloschiquillo.ws.soap:hellowebservice:0.0.1-SNAPSHOT @ C:\Users\chiquillo5678\Documents\Workspace1\hellowebservice\pom.xml.
2020-01-29 10:49:34,792 [Worker-11: Updating Maven Project] INFO  o.e.m.j.i.AbstractJavaProjectConfigurator - Adding source folder /hellowebservice/src/main/java
2020-01-29 10:49:34,793 [Worker-11: Updating Maven Project] INFO  o.e.m.j.i.AbstractJavaProjectConfigurator - Adding resource folder /hellowebservice/src/main/resources
2020-01-29 10:49:34,793 [Worker-11: Updating Maven Project] INFO  o.e.m.j.i.AbstractJavaProjectConfigurator - Adding resource folder /hellowebservice/src/main/resources
2020-01-29 10:49:34,794 [Worker-11: Updating Maven Project] INFO  o.e.m.j.i.AbstractJavaProjectConfigurator - Adding source folder /hellowebservice/src/test/java
2020-01-29 10:49:35,049 [Worker-11: Updating Maven Project] INFO  o.e.m.c.i.p.ProjectConfigurationManager - Update completed: 1 sec
2020-01-29 10:49:35,932 [Worker-11: Building workspace] INFO  o.e.m.c.i.embedder.EclipseLogger - Using 'UTF-8' encoding to copy filtered resources.
2020-01-29 10:49:35,933 [Worker-11: Building workspace] INFO  o.e.m.c.i.embedder.EclipseLogger - Copying 1 resource
2020-01-29 10:49:35,935 [Worker-11: Building workspace] INFO  o.e.m.c.i.embedder.EclipseLogger - Copying 1 resource
2020-01-29 10:49:35,941 [Worker-11: Building workspace] INFO  o.e.m.c.i.embedder.EclipseLogger - Using 'UTF-8' encoding to copy filtered resources.
2020-01-29 10:49:35,941 [Worker-11: Building workspace] INFO  o.e.m.c.i.embedder.EclipseLogger - skip non existing resourceDirectory C:\Users\chiquillo5678\Documents\Workspace1\hellowebservice\src\test\resources
2020-01-29 10:49:47,081 [Worker-0: Launching Executing generate-sources in C__Users_chiquillo5678_Documents_Workspace1_hellowebservice] INFO  o.e.m.i.launch.MavenLaunchDelegate - C:\Users\chiquillo5678\Documents\Workspace1\hellowebservice
2020-01-29 10:49:47,082 [Worker-0: Launching Executing generate-sources in C__Users_chiquillo5678_Documents_Workspace1_hellowebservice] INFO  o.e.m.i.launch.MavenLaunchDelegate -  mvn -B generate-sources -Dstyle.color=always
2020-01-29 10:52:28,767 [Worker-0: Updating Maven Project] INFO  o.e.m.c.i.p.ProjectConfigurationManager - Update started
2020-01-29 10:52:29,191 [Worker-0: Updating Maven Project] INFO  o.e.m.c.i.l.LifecycleMappingFactory - Using org.eclipse.m2e.jdt.JarLifecycleMapping lifecycle mapping for MavenProject: com.example:javasoapclient:0.0.1-SNAPSHOT @ C:\Users\chiquillo5678\Documents\Workspace1\javasoapclient\pom.xml.
2020-01-29 10:52:29,692 [Worker-0: Updating Maven Project] INFO  o.e.m.j.i.AbstractJavaProjectConfigurator - Adding source folder /javasoapclient/src/main/java
2020-01-29 10:52:29,692 [Worker-0: Updating Maven Project] INFO  o.e.m.j.i.AbstractJavaProjectConfigurator - Adding source folder /javasoapclient/target/generated-sources/cxf
2020-01-29 10:52:29,693 [Worker-0: Updating Maven Project] INFO  o.e.m.j.i.AbstractJavaProjectConfigurator - Adding resource folder /javasoapclient/src/main/resources
2020-01-29 10:52:29,693 [Worker-0: Updating Maven Project] INFO  o.e.m.j.i.AbstractJavaProjectConfigurator - Adding resource folder /javasoapclient/src/main/resources
2020-01-29 10:52:29,694 [Worker-0: Updating Maven Project] INFO  o.e.m.j.i.AbstractJavaProjectConfigurator - Adding source folder /javasoapclient/src/test/java
2020-01-29 10:52:29,911 [Worker-0: Updating Maven Project] INFO  o.e.m.c.i.p.ProjectConfigurationManager - Update completed: 1 sec
2020-01-29 10:52:32,091 [Worker-13: Building workspace] INFO  o.e.m.c.i.embedder.EclipseLogger - Using 'UTF-8' encoding to copy filtered resources.
2020-01-29 10:52:32,092 [Worker-13: Building workspace] INFO  o.e.m.c.i.embedder.EclipseLogger - Copying 1 resource
2020-01-29 10:52:32,094 [Worker-13: Building workspace] INFO  o.e.m.c.i.embedder.EclipseLogger - Copying 1 resource
2020-01-29 10:52:32,106 [Worker-13: Building workspace] INFO  o.e.m.c.i.embedder.EclipseLogger - Using 'UTF-8' encoding to copy filtered resources.
2020-01-29 10:52:32,107 [Worker-13: Building workspace] INFO  o.e.m.c.i.embedder.EclipseLogger - skip non existing resourceDirectory C:\Users\chiquillo5678\Documents\Workspace1\javasoapclient\src\test\resources
2020-01-29 10:52:33,984 [Worker-0: Building workspace] INFO  o.e.m.c.i.embedder.EclipseLogger - Using 'UTF-8' encoding to copy filtered resources.
2020-01-29 10:52:33,985 [Worker-0: Building workspace] INFO  o.e.m.c.i.embedder.EclipseLogger - Copying 1 resource
2020-01-29 10:52:33,986 [Worker-0: Building workspace] INFO  o.e.m.c.i.embedder.EclipseLogger - Copying 1 resource
2020-01-29 10:52:33,990 [Worker-0: Building workspace] INFO  o.e.m.c.i.embedder.EclipseLogger - Using 'UTF-8' encoding to copy filtered resources.
2020-01-29 10:52:33,990 [Worker-0: Building workspace] INFO  o.e.m.c.i.embedder.EclipseLogger - skip non existing resourceDirectory C:\Users\chiquillo5678\Documents\Workspace1\javasoapclient\src\test\resources
